<?xml version="1.0" encoding="UTF-8"?>
<!-- Generated by org.testng.reporters.JUnitXMLReporter -->
<testsuite ignored="0" hostname="f7a914b3fb6f" failures="0" tests="5" name="E2E Booking Tests" time="0.031" errors="0" timestamp="2025-07-15T12:54:31 GMT">
  <testcase classname="com.example.booking.tests.E2E_Booking_Test" name="testCompleteBookingWithFawry" time="0.002"/>
  <testcase classname="com.example.booking.tests.E2E_Booking_Test" name="testBookingModification" time="0.002"/>
  <testcase classname="com.example.booking.tests.E2E_Booking_Test" name="testBookingCancellation" time="0.002"/>
  <testcase classname="com.example.booking.tests.E2E_Booking_Test" name="testCompleteBookingWithStripe" time="0.0"/>
  <testcase classname="com.example.booking.tests.E2E_Booking_Test" name="testCompleteBookingWithPaymob" time="0.0"/>
</testsuite> <!-- E2E Booking Tests -->
