<?xml version="1.0" encoding="UTF-8"?>
<testsuite xmlns:xsi="http://www.w3.org/2001/XMLSchema-instance" xsi:noNamespaceSchemaLocation="https://maven.apache.org/surefire/maven-surefire-plugin/xsd/surefire-test-report-3.0.xsd" version="3.0" name="TestSuite" time="1.688" tests="5" errors="0" skipped="0" failures="5">
  <properties>
[...]
</properties>
  <testcase name="test_stripeGatewayWithoutCoupon" classname="com.example.booking.tests.E2E_Booking_Test" time="0.73">
    <failure message="Test failed: Failed to get free slots" type="java.lang.AssertionError"><![CDATA[java.lang.AssertionError: Test failed: Failed to get free slots
	at org.testng.Assert.fail(Assert.java:111)
	at com.example.booking.tests.E2E_Booking_Test.test_stripeGatewayWithoutCoupon(E2E_Booking_Test.java:99)
	at java.base/jdk.internal.reflect.DirectMethodHandleAccessor.invoke(DirectMethodHandleAccessor.java:103)
	at java.base/java.lang.reflect.Method.invoke(Method.java:580)
	at org.testng.internal.invokers.MethodInvocationHelper.invokeMethod(MethodInvocationHelper.java:139)
	at org.testng.internal.invokers.TestInvoker.invokeMethod(TestInvoker.java:664)
	at org.testng.internal.invokers.TestInvoker.invokeTestMethod(TestInvoker.java:227)
	at org.testng.internal.invokers.MethodRunner.runInSequence(MethodRunner.java:50)
	at org.testng.internal.invokers.TestInvoker$MethodInvocationAgent.invoke(TestInvoker.java:957)
	at org.testng.internal.invokers.TestInvoker.invokeTestMethods(TestInvoker.java:200)
	at org.testng.internal.invokers.TestMethodWorker.invokeTestMethods(TestMethodWorker.java:148)
	at org.testng.internal.invokers.TestMethodWorker.run(TestMethodWorker.java:128)
	at java.base/java.util.concurrent.ThreadPoolExecutor.runWorker(ThreadPoolExecutor.java:1144)
	at java.base/java.util.concurrent.ThreadPoolExecutor$Worker.run(ThreadPoolExecutor.java:642)
	at java.base/java.lang.Thread.run(Thread.java:1583)
]]></failure>
    <system-out><![CDATA[13:06:45.746 [TestNG-test=Gateway Tests - Group A-1] INFO  com.example.booking.tests.BaseTest - Starting Stripe gateway test without coupon
13:06:45.746 [TestNG-test=Gateway Tests - Group A-2] INFO  com.example.booking.tests.BaseTest - Starting Paymob gateway test without coupon
13:06:45.754 [TestNG-test=Gateway Tests - Group A-1] INFO  com.example.booking.utils.ConfigManager - Loading properties for environment: staging
13:06:45.754 [TestNG-test=Gateway Tests - Group A-1] INFO  com.example.booking.utils.ConfigManager - Properties loaded successfully from: config/staging.properties
13:06:46.235 [TestNG-test=Gateway Tests - Group A-1] INFO  com.example.booking.api.ApiClient - Getting free slots
13:06:46.235 [TestNG-test=Gateway Tests - Group A-2] INFO  com.example.booking.api.ApiClient - Getting free slots
13:06:46.446 [TestNG-test=Gateway Tests - Group A-2] ERROR com.example.booking.api.ApiClient - Error getting free slots: null
java.lang.NullPointerException: null
	at java.lang.Class.isAssignableFrom(Native Method) ~[?:?]
	at java_lang_Class$isAssignableFrom$0.call(Unknown Source) ~[?:?]
	at org.codehaus.groovy.runtime.callsite.CallSiteArray.defaultCall(CallSiteArray.java:45) ~[groovy-4.0.11.jar:4.0.11]
	at java_lang_Class$isAssignableFrom$0.call(Unknown Source) ~[?:?]
	at io.restassured.internal.RequestSpecificationImpl$_applyPathParamsAndSendRequest_closure34.doCall(RequestSpecificationImpl.groovy:1697) ~[rest-assured-5.3.2.jar:?]
	at jdk.internal.reflect.DirectMethodHandleAccessor.invoke(DirectMethodHandleAccessor.java:103) ~[?:?]
	at java.lang.reflect.Method.invoke(Method.java:580) ~[?:?]
	at org.codehaus.groovy.reflection.CachedMethod.invoke(CachedMethod.java:343) ~[groovy-4.0.11.jar:4.0.11]
	at groovy.lang.MetaMethod.doMethodInvoke(MetaMethod.java:328) ~[groovy-4.0.11.jar:4.0.11]
	at org.codehaus.groovy.runtime.metaclass.ClosureMetaClass.invokeMethod(ClosureMetaClass.java:279) ~[groovy-4.0.11.jar:4.0.11]
	at groovy.lang.MetaClassImpl.invokeMethod(MetaClassImpl.java:1006) ~[groovy-4.0.11.jar:4.0.11]
	at org.codehaus.groovy.runtime.callsite.PogoMetaClassSite.call(PogoMetaClassSite.java:39) ~[groovy-4.0.11.jar:4.0.11]
	at org.codehaus.groovy.runtime.callsite.BooleanReturningMethodInvoker.invoke(BooleanReturningMethodInvoker.java:49) ~[groovy-4.0.11.jar:4.0.11]
	at org.codehaus.groovy.runtime.callsite.BooleanClosureWrapper.call(BooleanClosureWrapper.java:52) ~[groovy-4.0.11.jar:4.0.11]
	at org.codehaus.groovy.runtime.DefaultGroovyMethods.any(DefaultGroovyMethods.java:2718) ~[groovy-4.0.11.jar:4.0.11]
	at org.codehaus.groovy.runtime.DefaultGroovyMethods.any(DefaultGroovyMethods.java:2737) ~[groovy-4.0.11.jar:4.0.11]
	at org.codehaus.groovy.runtime.dgm$14.invoke(Unknown Source) ~[groovy-4.0.11.jar:4.0.11]
	at org.codehaus.groovy.runtime.callsite.PojoMetaMethodSite$PojoMetaMethodSiteNoUnwrapNoCoerce.invoke(PojoMetaMethodSite.java:253) ~[groovy-4.0.11.jar:4.0.11]
	at org.codehaus.groovy.runtime.callsite.PojoMetaMethodSite.call(PojoMetaMethodSite.java:57) ~[groovy-4.0.11.jar:4.0.11]
	at org.codehaus.groovy.runtime.callsite.CallSiteArray.defaultCall(CallSiteArray.java:45) ~[groovy-4.0.11.jar:4.0.11]
	at org.codehaus.groovy.runtime.callsite.AbstractCallSite.call(AbstractCallSite.java:125) ~[groovy-4.0.11.jar:4.0.11]
	at org.codehaus.groovy.runtime.callsite.AbstractCallSite.call(AbstractCallSite.java:139) ~[groovy-4.0.11.jar:4.0.11]
	at io.restassured.internal.RequestSpecificationImpl.applyPathParamsAndSendRequest(RequestSpecificationImpl.groovy:1697) ~[rest-assured-5.3.2.jar:?]
	at io.restassured.internal.RequestSpecificationImpl.this$2$applyPathParamsAndSendRequest(RequestSpecificationImpl.groovy) ~[rest-assured-5.3.2.jar:?]
	at jdk.internal.reflect.DirectMethodHandleAccessor.invoke(DirectMethodHandleAccessor.java:103) ~[?:?]
	at java.lang.reflect.Method.invoke(Method.java:580) ~[?:?]
	at org.codehaus.groovy.reflection.CachedMethod.invoke(CachedMethod.java:343) ~[groovy-4.0.11.jar:4.0.11]
	at groovy.lang.MetaMethod.doMethodInvoke(MetaMethod.java:328) ~[groovy-4.0.11.jar:4.0.11]
	at groovy.lang.MetaClassImpl.doInvokeMethod(MetaClassImpl.java:1331) ~[groovy-4.0.11.jar:4.0.11]
	at groovy.lang.MetaClassImpl.invokeMethod(MetaClassImpl.java:1086) ~[groovy-4.0.11.jar:4.0.11]
	at groovy.lang.MetaClassImpl.invokeMethod(MetaClassImpl.java:1006) ~[groovy-4.0.11.jar:4.0.11]
	at groovy.lang.MetaClassImpl.invokeMethod(MetaClassImpl.java:789) ~[groovy-4.0.11.jar:4.0.11]
	at io.restassured.internal.RequestSpecificationImpl.invokeMethod(RequestSpecificationImpl.groovy) ~[rest-assured-5.3.2.jar:?]
	at org.codehaus.groovy.runtime.callsite.PogoInterceptableSite.call(PogoInterceptableSite.java:46) ~[groovy-4.0.11.jar:4.0.11]
	at org.codehaus.groovy.runtime.callsite.PogoInterceptableSite.callCurrent(PogoInterceptableSite.java:57) ~[groovy-4.0.11.jar:4.0.11]
	at org.codehaus.groovy.runtime.callsite.CallSiteArray.defaultCallCurrent(CallSiteArray.java:49) ~[groovy-4.0.11.jar:4.0.11]
	at org.codehaus.groovy.runtime.callsite.AbstractCallSite.callCurrent(AbstractCallSite.java:171) ~[groovy-4.0.11.jar:4.0.11]
	at org.codehaus.groovy.runtime.callsite.AbstractCallSite.callCurrent(AbstractCallSite.java:203) ~[groovy-4.0.11.jar:4.0.11]
	at io.restassured.internal.RequestSpecificationImpl.applyPathParamsAndSendRequest(RequestSpecificationImpl.groovy:1710) ~[rest-assured-5.3.2.jar:?]
	at io.restassured.internal.RequestSpecificationImpl.this$2$applyPathParamsAndSendRequest(RequestSpecificationImpl.groovy) ~[rest-assured-5.3.2.jar:?]
	at jdk.internal.reflect.DirectMethodHandleAccessor.invoke(DirectMethodHandleAccessor.java:103) ~[?:?]
	at java.lang.reflect.Method.invoke(Method.java:580) ~[?:?]
	at org.codehaus.groovy.reflection.CachedMethod.invoke(CachedMethod.java:343) ~[groovy-4.0.11.jar:4.0.11]
	at groovy.lang.MetaMethod.doMethodInvoke(MetaMethod.java:328) ~[groovy-4.0.11.jar:4.0.11]
	at groovy.lang.MetaClassImpl.doInvokeMethod(MetaClassImpl.java:1331) ~[groovy-4.0.11.jar:4.0.11]
	at groovy.lang.MetaClassImpl.invokeMethod(MetaClassImpl.java:1086) ~[groovy-4.0.11.jar:4.0.11]
	at groovy.lang.MetaClassImpl.invokeMethod(MetaClassImpl.java:1006) ~[groovy-4.0.11.jar:4.0.11]
	at groovy.lang.MetaClassImpl.invokeMethod(MetaClassImpl.java:789) ~[groovy-4.0.11.jar:4.0.11]
	at io.restassured.internal.RequestSpecificationImpl.invokeMethod(RequestSpecificationImpl.groovy) ~[rest-assured-5.3.2.jar:?]
	at org.codehaus.groovy.runtime.callsite.PogoInterceptableSite.call(PogoInterceptableSite.java:46) ~[groovy-4.0.11.jar:4.0.11]
	at org.codehaus.groovy.runtime.callsite.PogoInterceptableSite.callCurrent(PogoInterceptableSite.java:57) ~[groovy-4.0.11.jar:4.0.11]
	at org.codehaus.groovy.runtime.callsite.CallSiteArray.defaultCallCurrent(CallSiteArray.java:49) ~[groovy-4.0.11.jar:4.0.11]
	at org.codehaus.groovy.runtime.callsite.AbstractCallSite.callCurrent(AbstractCallSite.java:171) ~[groovy-4.0.11.jar:4.0.11]
	at org.codehaus.groovy.runtime.callsite.AbstractCallSite.callCurrent(AbstractCallSite.java:203) ~[groovy-4.0.11.jar:4.0.11]
	at io.restassured.internal.RequestSpecificationImpl.get(RequestSpecificationImpl.groovy:172) ~[rest-assured-5.3.2.jar:?]
	at io.restassured.internal.RequestSpecificationImpl.get(RequestSpecificationImpl.groovy) ~[rest-assured-5.3.2.jar:?]
	at com.example.booking.api.ApiClient.getFreeSlots(ApiClient.java:56) ~[test-classes/:?]
	at com.example.booking.tests.E2E_Booking_Test.getAvailableSlot(E2E_Booking_Test.java:300) ~[test-classes/:?]
	at com.example.booking.tests.E2E_Booking_Test.test_paymobGatewayWithoutCoupon(E2E_Booking_Test.java:113) ~[test-classes/:?]
	at jdk.internal.reflect.DirectMethodHandleAccessor.invoke(DirectMethodHandleAccessor.java:103) ~[?:?]
	at java.lang.reflect.Method.invoke(Method.java:580) ~[?:?]
	at org.testng.internal.invokers.MethodInvocationHelper.invokeMethod(MethodInvocationHelper.java:139) ~[testng-7.8.0.jar:7.8.0]
	at org.testng.internal.invokers.TestInvoker.invokeMethod(TestInvoker.java:664) ~[testng-7.8.0.jar:7.8.0]
	at org.testng.internal.invokers.TestInvoker.invokeTestMethod(TestInvoker.java:227) ~[testng-7.8.0.jar:7.8.0]
	at org.testng.internal.invokers.MethodRunner.runInSequence(MethodRunner.java:50) ~[testng-7.8.0.jar:7.8.0]
	at org.testng.internal.invokers.TestInvoker$MethodInvocationAgent.invoke(TestInvoker.java:957) ~[testng-7.8.0.jar:7.8.0]
	at org.testng.internal.invokers.TestInvoker.invokeTestMethods(TestInvoker.java:200) ~[testng-7.8.0.jar:7.8.0]
	at org.testng.internal.invokers.TestMethodWorker.invokeTestMethods(TestMethodWorker.java:148) ~[testng-7.8.0.jar:7.8.0]
	at org.testng.internal.invokers.TestMethodWorker.run(TestMethodWorker.java:128) ~[testng-7.8.0.jar:7.8.0]
	at java.util.concurrent.ThreadPoolExecutor.runWorker(ThreadPoolExecutor.java:1144) ~[?:?]
	at java.util.concurrent.ThreadPoolExecutor$Worker.run(ThreadPoolExecutor.java:642) ~[?:?]
	at java.lang.Thread.run(Thread.java:1583) [?:?]
13:06:46.446 [TestNG-test=Gateway Tests - Group A-1] ERROR com.example.booking.api.ApiClient - Error getting free slots: null
java.lang.NullPointerException: null
	at java.lang.Class.isAssignableFrom(Native Method) ~[?:?]
	at java_lang_Class$isAssignableFrom$0.call(Unknown Source) ~[?:?]
	at org.codehaus.groovy.runtime.callsite.CallSiteArray.defaultCall(CallSiteArray.java:45) ~[groovy-4.0.11.jar:4.0.11]
	at java_lang_Class$isAssignableFrom$0.call(Unknown Source) ~[?:?]
	at io.restassured.internal.RequestSpecificationImpl$_applyPathParamsAndSendRequest_closure34.doCall(RequestSpecificationImpl.groovy:1697) ~[rest-assured-5.3.2.jar:?]
	at jdk.internal.reflect.DirectMethodHandleAccessor.invoke(DirectMethodHandleAccessor.java:103) ~[?:?]
	at java.lang.reflect.Method.invoke(Method.java:580) ~[?:?]
	at org.codehaus.groovy.reflection.CachedMethod.invoke(CachedMethod.java:343) ~[groovy-4.0.11.jar:4.0.11]
	at groovy.lang.MetaMethod.doMethodInvoke(MetaMethod.java:328) ~[groovy-4.0.11.jar:4.0.11]
	at org.codehaus.groovy.runtime.metaclass.ClosureMetaClass.invokeMethod(ClosureMetaClass.java:279) ~[groovy-4.0.11.jar:4.0.11]
	at groovy.lang.MetaClassImpl.invokeMethod(MetaClassImpl.java:1006) ~[groovy-4.0.11.jar:4.0.11]
	at org.codehaus.groovy.runtime.callsite.PogoMetaClassSite.call(PogoMetaClassSite.java:39) ~[groovy-4.0.11.jar:4.0.11]
	at org.codehaus.groovy.runtime.callsite.BooleanReturningMethodInvoker.invoke(BooleanReturningMethodInvoker.java:49) ~[groovy-4.0.11.jar:4.0.11]
	at org.codehaus.groovy.runtime.callsite.BooleanClosureWrapper.call(BooleanClosureWrapper.java:52) ~[groovy-4.0.11.jar:4.0.11]
	at org.codehaus.groovy.runtime.DefaultGroovyMethods.any(DefaultGroovyMethods.java:2718) ~[groovy-4.0.11.jar:4.0.11]
	at org.codehaus.groovy.runtime.DefaultGroovyMethods.any(DefaultGroovyMethods.java:2737) ~[groovy-4.0.11.jar:4.0.11]
	at org.codehaus.groovy.runtime.dgm$14.invoke(Unknown Source) ~[groovy-4.0.11.jar:4.0.11]
	at org.codehaus.groovy.runtime.callsite.PojoMetaMethodSite$PojoMetaMethodSiteNoUnwrapNoCoerce.invoke(PojoMetaMethodSite.java:253) ~[groovy-4.0.11.jar:4.0.11]
	at org.codehaus.groovy.runtime.callsite.PojoMetaMethodSite.call(PojoMetaMethodSite.java:57) ~[groovy-4.0.11.jar:4.0.11]
	at org.codehaus.groovy.runtime.callsite.CallSiteArray.defaultCall(CallSiteArray.java:45) ~[groovy-4.0.11.jar:4.0.11]
	at org.codehaus.groovy.runtime.callsite.AbstractCallSite.call(AbstractCallSite.java:125) ~[groovy-4.0.11.jar:4.0.11]
	at org.codehaus.groovy.runtime.callsite.AbstractCallSite.call(AbstractCallSite.java:139) ~[groovy-4.0.11.jar:4.0.11]
	at io.restassured.internal.RequestSpecificationImpl.applyPathParamsAndSendRequest(RequestSpecificationImpl.groovy:1697) ~[rest-assured-5.3.2.jar:?]
	at io.restassured.internal.RequestSpecificationImpl.this$2$applyPathParamsAndSendRequest(RequestSpecificationImpl.groovy) ~[rest-assured-5.3.2.jar:?]
	at jdk.internal.reflect.DirectMethodHandleAccessor.invoke(DirectMethodHandleAccessor.java:103) ~[?:?]
	at java.lang.reflect.Method.invoke(Method.java:580) ~[?:?]
	at org.codehaus.groovy.reflection.CachedMethod.invoke(CachedMethod.java:343) ~[groovy-4.0.11.jar:4.0.11]
	at groovy.lang.MetaMethod.doMethodInvoke(MetaMethod.java:328) ~[groovy-4.0.11.jar:4.0.11]
	at groovy.lang.MetaClassImpl.doInvokeMethod(MetaClassImpl.java:1331) ~[groovy-4.0.11.jar:4.0.11]
	at groovy.lang.MetaClassImpl.invokeMethod(MetaClassImpl.java:1086) ~[groovy-4.0.11.jar:4.0.11]
	at groovy.lang.MetaClassImpl.invokeMethod(MetaClassImpl.java:1006) ~[groovy-4.0.11.jar:4.0.11]
	at groovy.lang.MetaClassImpl.invokeMethod(MetaClassImpl.java:789) ~[groovy-4.0.11.jar:4.0.11]
	at io.restassured.internal.RequestSpecificationImpl.invokeMethod(RequestSpecificationImpl.groovy) ~[rest-assured-5.3.2.jar:?]
	at org.codehaus.groovy.runtime.callsite.PogoInterceptableSite.call(PogoInterceptableSite.java:46) ~[groovy-4.0.11.jar:4.0.11]
	at org.codehaus.groovy.runtime.callsite.PogoInterceptableSite.callCurrent(PogoInterceptableSite.java:57) ~[groovy-4.0.11.jar:4.0.11]
	at org.codehaus.groovy.runtime.callsite.AbstractCallSite.callCurrent(AbstractCallSite.java:203) ~[groovy-4.0.11.jar:4.0.11]
	at org.codehaus.groovy.runtime.callsite.AbstractCallSite.callCurrent(AbstractCallSite.java:201) ~[groovy-4.0.11.jar:4.0.11]
	at io.restassured.internal.RequestSpecificationImpl.applyPathParamsAndSendRequest(RequestSpecificationImpl.groovy:1710) ~[rest-assured-5.3.2.jar:?]
	at io.restassured.internal.RequestSpecificationImpl.this$2$applyPathParamsAndSendRequest(RequestSpecificationImpl.groovy) ~[rest-assured-5.3.2.jar:?]
	at jdk.internal.reflect.DirectMethodHandleAccessor.invoke(DirectMethodHandleAccessor.java:103) ~[?:?]
	at java.lang.reflect.Method.invoke(Method.java:580) ~[?:?]
	at org.codehaus.groovy.reflection.CachedMethod.invoke(CachedMethod.java:343) ~[groovy-4.0.11.jar:4.0.11]
	at groovy.lang.MetaMethod.doMethodInvoke(MetaMethod.java:328) ~[groovy-4.0.11.jar:4.0.11]
	at groovy.lang.MetaClassImpl.doInvokeMethod(MetaClassImpl.java:1331) ~[groovy-4.0.11.jar:4.0.11]
	at groovy.lang.MetaClassImpl.invokeMethod(MetaClassImpl.java:1086) ~[groovy-4.0.11.jar:4.0.11]
	at groovy.lang.MetaClassImpl.invokeMethod(MetaClassImpl.java:1006) ~[groovy-4.0.11.jar:4.0.11]
	at groovy.lang.MetaClassImpl.invokeMethod(MetaClassImpl.java:789) ~[groovy-4.0.11.jar:4.0.11]
	at io.restassured.internal.RequestSpecificationImpl.invokeMethod(RequestSpecificationImpl.groovy) ~[rest-assured-5.3.2.jar:?]
	at org.codehaus.groovy.runtime.callsite.PogoInterceptableSite.call(PogoInterceptableSite.java:46) ~[groovy-4.0.11.jar:4.0.11]
	at org.codehaus.groovy.runtime.callsite.PogoInterceptableSite.callCurrent(PogoInterceptableSite.java:57) ~[groovy-4.0.11.jar:4.0.11]
	at org.codehaus.groovy.runtime.callsite.CallSiteArray.defaultCallCurrent(CallSiteArray.java:49) ~[groovy-4.0.11.jar:4.0.11]
	at org.codehaus.groovy.runtime.callsite.AbstractCallSite.callCurrent(AbstractCallSite.java:171) ~[groovy-4.0.11.jar:4.0.11]
	at org.codehaus.groovy.runtime.callsite.AbstractCallSite.callCurrent(AbstractCallSite.java:203) ~[groovy-4.0.11.jar:4.0.11]
	at io.restassured.internal.RequestSpecificationImpl.get(RequestSpecificationImpl.groovy:172) ~[rest-assured-5.3.2.jar:?]
	at io.restassured.internal.RequestSpecificationImpl.get(RequestSpecificationImpl.groovy) ~[rest-assured-5.3.2.jar:?]
	at com.example.booking.api.ApiClient.getFreeSlots(ApiClient.java:56) ~[test-classes/:?]
	at com.example.booking.tests.E2E_Booking_Test.test_stripeGatewayWithoutCoupon(E2E_Booking_Test.java:35) ~[test-classes/:?]
	at jdk.internal.reflect.DirectMethodHandleAccessor.invoke(DirectMethodHandleAccessor.java:103) ~[?:?]
	at java.lang.reflect.Method.invoke(Method.java:580) ~[?:?]
	at org.testng.internal.invokers.MethodInvocationHelper.invokeMethod(MethodInvocationHelper.java:139) ~[testng-7.8.0.jar:7.8.0]
	at org.testng.internal.invokers.TestInvoker.invokeMethod(TestInvoker.java:664) ~[testng-7.8.0.jar:7.8.0]
	at org.testng.internal.invokers.TestInvoker.invokeTestMethod(TestInvoker.java:227) ~[testng-7.8.0.jar:7.8.0]
	at org.testng.internal.invokers.MethodRunner.runInSequence(MethodRunner.java:50) ~[testng-7.8.0.jar:7.8.0]
	at org.testng.internal.invokers.TestInvoker$MethodInvocationAgent.invoke(TestInvoker.java:957) ~[testng-7.8.0.jar:7.8.0]
	at org.testng.internal.invokers.TestInvoker.invokeTestMethods(TestInvoker.java:200) ~[testng-7.8.0.jar:7.8.0]
	at org.testng.internal.invokers.TestMethodWorker.invokeTestMethods(TestMethodWorker.java:148) ~[testng-7.8.0.jar:7.8.0]
	at org.testng.internal.invokers.TestMethodWorker.run(TestMethodWorker.java:128) ~[testng-7.8.0.jar:7.8.0]
	at java.util.concurrent.ThreadPoolExecutor.runWorker(ThreadPoolExecutor.java:1144) ~[?:?]
	at java.util.concurrent.ThreadPoolExecutor$Worker.run(ThreadPoolExecutor.java:642) ~[?:?]
	at java.lang.Thread.run(Thread.java:1583) [?:?]
13:06:46.454 [TestNG-test=Gateway Tests - Group A-2] ERROR com.example.booking.tests.BaseTest - Paymob gateway test failed: Failed to get free slots
java.lang.RuntimeException: Failed to get free slots
	at com.example.booking.api.ApiClient.getFreeSlots(ApiClient.java:63) ~[test-classes/:?]
	at com.example.booking.tests.E2E_Booking_Test.getAvailableSlot(E2E_Booking_Test.java:300) ~[test-classes/:?]
	at com.example.booking.tests.E2E_Booking_Test.test_paymobGatewayWithoutCoupon(E2E_Booking_Test.java:113) ~[test-classes/:?]
	at jdk.internal.reflect.DirectMethodHandleAccessor.invoke(DirectMethodHandleAccessor.java:103) ~[?:?]
	at java.lang.reflect.Method.invoke(Method.java:580) ~[?:?]
	at org.testng.internal.invokers.MethodInvocationHelper.invokeMethod(MethodInvocationHelper.java:139) ~[testng-7.8.0.jar:7.8.0]
	at org.testng.internal.invokers.TestInvoker.invokeMethod(TestInvoker.java:664) ~[testng-7.8.0.jar:7.8.0]
	at org.testng.internal.invokers.TestInvoker.invokeTestMethod(TestInvoker.java:227) ~[testng-7.8.0.jar:7.8.0]
	at org.testng.internal.invokers.MethodRunner.runInSequence(MethodRunner.java:50) ~[testng-7.8.0.jar:7.8.0]
	at org.testng.internal.invokers.TestInvoker$MethodInvocationAgent.invoke(TestInvoker.java:957) ~[testng-7.8.0.jar:7.8.0]
	at org.testng.internal.invokers.TestInvoker.invokeTestMethods(TestInvoker.java:200) ~[testng-7.8.0.jar:7.8.0]
	at org.testng.internal.invokers.TestMethodWorker.invokeTestMethods(TestMethodWorker.java:148) ~[testng-7.8.0.jar:7.8.0]
	at org.testng.internal.invokers.TestMethodWorker.run(TestMethodWorker.java:128) ~[testng-7.8.0.jar:7.8.0]
	at java.util.concurrent.ThreadPoolExecutor.runWorker(ThreadPoolExecutor.java:1144) ~[?:?]
	at java.util.concurrent.ThreadPoolExecutor$Worker.run(ThreadPoolExecutor.java:642) ~[?:?]
	at java.lang.Thread.run(Thread.java:1583) [?:?]
Caused by: java.lang.NullPointerException
	at java.lang.Class.isAssignableFrom(Native Method) ~[?:?]
	at java_lang_Class$isAssignableFrom$0.call(Unknown Source) ~[?:?]
	at org.codehaus.groovy.runtime.callsite.CallSiteArray.defaultCall(CallSiteArray.java:45) ~[groovy-4.0.11.jar:4.0.11]
	at java_lang_Class$isAssignableFrom$0.call(Unknown Source) ~[?:?]
	at io.restassured.internal.RequestSpecificationImpl$_applyPathParamsAndSendRequest_closure34.doCall(RequestSpecificationImpl.groovy:1697) ~[rest-assured-5.3.2.jar:?]
	at jdk.internal.reflect.DirectMethodHandleAccessor.invoke(DirectMethodHandleAccessor.java:103) ~[?:?]
	at java.lang.reflect.Method.invoke(Method.java:580) ~[?:?]
	at org.codehaus.groovy.reflection.CachedMethod.invoke(CachedMethod.java:343) ~[groovy-4.0.11.jar:4.0.11]
	at groovy.lang.MetaMethod.doMethodInvoke(MetaMethod.java:328) ~[groovy-4.0.11.jar:4.0.11]
	at org.codehaus.groovy.runtime.metaclass.ClosureMetaClass.invokeMethod(ClosureMetaClass.java:279) ~[groovy-4.0.11.jar:4.0.11]
	at groovy.lang.MetaClassImpl.invokeMethod(MetaClassImpl.java:1006) ~[groovy-4.0.11.jar:4.0.11]
	at org.codehaus.groovy.runtime.callsite.PogoMetaClassSite.call(PogoMetaClassSite.java:39) ~[groovy-4.0.11.jar:4.0.11]
	at org.codehaus.groovy.runtime.callsite.BooleanReturningMethodInvoker.invoke(BooleanReturningMethodInvoker.java:49) ~[groovy-4.0.11.jar:4.0.11]
	at org.codehaus.groovy.runtime.callsite.BooleanClosureWrapper.call(BooleanClosureWrapper.java:52) ~[groovy-4.0.11.jar:4.0.11]
	at org.codehaus.groovy.runtime.DefaultGroovyMethods.any(DefaultGroovyMethods.java:2718) ~[groovy-4.0.11.jar:4.0.11]
	at org.codehaus.groovy.runtime.DefaultGroovyMethods.any(DefaultGroovyMethods.java:2737) ~[groovy-4.0.11.jar:4.0.11]
	at org.codehaus.groovy.runtime.dgm$14.invoke(Unknown Source) ~[groovy-4.0.11.jar:4.0.11]
	at org.codehaus.groovy.runtime.callsite.PojoMetaMethodSite$PojoMetaMethodSiteNoUnwrapNoCoerce.invoke(PojoMetaMethodSite.java:253) ~[groovy-4.0.11.jar:4.0.11]
	at org.codehaus.groovy.runtime.callsite.PojoMetaMethodSite.call(PojoMetaMethodSite.java:57) ~[groovy-4.0.11.jar:4.0.11]
	at org.codehaus.groovy.runtime.callsite.CallSiteArray.defaultCall(CallSiteArray.java:45) ~[groovy-4.0.11.jar:4.0.11]
	at org.codehaus.groovy.runtime.callsite.AbstractCallSite.call(AbstractCallSite.java:125) ~[groovy-4.0.11.jar:4.0.11]
	at org.codehaus.groovy.runtime.callsite.AbstractCallSite.call(AbstractCallSite.java:139) ~[groovy-4.0.11.jar:4.0.11]
	at io.restassured.internal.RequestSpecificationImpl.applyPathParamsAndSendRequest(RequestSpecificationImpl.groovy:1697) ~[rest-assured-5.3.2.jar:?]
	at io.restassured.internal.RequestSpecificationImpl.this$2$applyPathParamsAndSendRequest(RequestSpecificationImpl.groovy) ~[rest-assured-5.3.2.jar:?]
	at jdk.internal.reflect.DirectMethodHandleAccessor.invoke(DirectMethodHandleAccessor.java:103) ~[?:?]
	at java.lang.reflect.Method.invoke(Method.java:580) ~[?:?]
	at org.codehaus.groovy.reflection.CachedMethod.invoke(CachedMethod.java:343) ~[groovy-4.0.11.jar:4.0.11]
	at groovy.lang.MetaMethod.doMethodInvoke(MetaMethod.java:328) ~[groovy-4.0.11.jar:4.0.11]
	at groovy.lang.MetaClassImpl.doInvokeMethod(MetaClassImpl.java:1331) ~[groovy-4.0.11.jar:4.0.11]
	at groovy.lang.MetaClassImpl.invokeMethod(MetaClassImpl.java:1086) ~[groovy-4.0.11.jar:4.0.11]
	at groovy.lang.MetaClassImpl.invokeMethod(MetaClassImpl.java:1006) ~[groovy-4.0.11.jar:4.0.11]
	at groovy.lang.MetaClassImpl.invokeMethod(MetaClassImpl.java:789) ~[groovy-4.0.11.jar:4.0.11]
	at io.restassured.internal.RequestSpecificationImpl.invokeMethod(RequestSpecificationImpl.groovy) ~[rest-assured-5.3.2.jar:?]
	at org.codehaus.groovy.runtime.callsite.PogoInterceptableSite.call(PogoInterceptableSite.java:46) ~[groovy-4.0.11.jar:4.0.11]
	at org.codehaus.groovy.runtime.callsite.PogoInterceptableSite.callCurrent(PogoInterceptableSite.java:57) ~[groovy-4.0.11.jar:4.0.11]
	at org.codehaus.groovy.runtime.callsite.CallSiteArray.defaultCallCurrent(CallSiteArray.java:49) ~[groovy-4.0.11.jar:4.0.11]
	at org.codehaus.groovy.runtime.callsite.AbstractCallSite.callCurrent(AbstractCallSite.java:171) ~[groovy-4.0.11.jar:4.0.11]
	at org.codehaus.groovy.runtime.callsite.AbstractCallSite.callCurrent(AbstractCallSite.java:203) ~[groovy-4.0.11.jar:4.0.11]
	at io.restassured.internal.RequestSpecificationImpl.applyPathParamsAndSendRequest(RequestSpecificationImpl.groovy:1710) ~[rest-assured-5.3.2.jar:?]
	at io.restassured.internal.RequestSpecificationImpl.this$2$applyPathParamsAndSendRequest(RequestSpecificationImpl.groovy) ~[rest-assured-5.3.2.jar:?]
	at jdk.internal.reflect.DirectMethodHandleAccessor.invoke(DirectMethodHandleAccessor.java:103) ~[?:?]
	at java.lang.reflect.Method.invoke(Method.java:580) ~[?:?]
	at org.codehaus.groovy.reflection.CachedMethod.invoke(CachedMethod.java:343) ~[groovy-4.0.11.jar:4.0.11]
	at groovy.lang.MetaMethod.doMethodInvoke(MetaMethod.java:328) ~[groovy-4.0.11.jar:4.0.11]
	at groovy.lang.MetaClassImpl.doInvokeMethod(MetaClassImpl.java:1331) ~[groovy-4.0.11.jar:4.0.11]
	at groovy.lang.MetaClassImpl.invokeMethod(MetaClassImpl.java:1086) ~[groovy-4.0.11.jar:4.0.11]
	at groovy.lang.MetaClassImpl.invokeMethod(MetaClassImpl.java:1006) ~[groovy-4.0.11.jar:4.0.11]
	at groovy.lang.MetaClassImpl.invokeMethod(MetaClassImpl.java:789) ~[groovy-4.0.11.jar:4.0.11]
	at io.restassured.internal.RequestSpecificationImpl.invokeMethod(RequestSpecificationImpl.groovy) ~[rest-assured-5.3.2.jar:?]
	at org.codehaus.groovy.runtime.callsite.PogoInterceptableSite.call(PogoInterceptableSite.java:46) ~[groovy-4.0.11.jar:4.0.11]
	at org.codehaus.groovy.runtime.callsite.PogoInterceptableSite.callCurrent(PogoInterceptableSite.java:57) ~[groovy-4.0.11.jar:4.0.11]
	at org.codehaus.groovy.runtime.callsite.CallSiteArray.defaultCallCurrent(CallSiteArray.java:49) ~[groovy-4.0.11.jar:4.0.11]
	at org.codehaus.groovy.runtime.callsite.AbstractCallSite.callCurrent(AbstractCallSite.java:171) ~[groovy-4.0.11.jar:4.0.11]
	at org.codehaus.groovy.runtime.callsite.AbstractCallSite.callCurrent(AbstractCallSite.java:203) ~[groovy-4.0.11.jar:4.0.11]
	at io.restassured.internal.RequestSpecificationImpl.get(RequestSpecificationImpl.groovy:172) ~[rest-assured-5.3.2.jar:?]
	at io.restassured.internal.RequestSpecificationImpl.get(RequestSpecificationImpl.groovy) ~[rest-assured-5.3.2.jar:?]
	at com.example.booking.api.ApiClient.getFreeSlots(ApiClient.java:56) ~[test-classes/:?]
	... 15 more
13:06:46.455 [TestNG-test=Gateway Tests - Group A-1] ERROR com.example.booking.tests.BaseTest - Stripe gateway test failed: Failed to get free slots
java.lang.RuntimeException: Failed to get free slots
	at com.example.booking.api.ApiClient.getFreeSlots(ApiClient.java:63) ~[test-classes/:?]
	at com.example.booking.tests.E2E_Booking_Test.test_stripeGatewayWithoutCoupon(E2E_Booking_Test.java:35) ~[test-classes/:?]
	at jdk.internal.reflect.DirectMethodHandleAccessor.invoke(DirectMethodHandleAccessor.java:103) ~[?:?]
	at java.lang.reflect.Method.invoke(Method.java:580) ~[?:?]
	at org.testng.internal.invokers.MethodInvocationHelper.invokeMethod(MethodInvocationHelper.java:139) ~[testng-7.8.0.jar:7.8.0]
	at org.testng.internal.invokers.TestInvoker.invokeMethod(TestInvoker.java:664) ~[testng-7.8.0.jar:7.8.0]
	at org.testng.internal.invokers.TestInvoker.invokeTestMethod(TestInvoker.java:227) ~[testng-7.8.0.jar:7.8.0]
	at org.testng.internal.invokers.MethodRunner.runInSequence(MethodRunner.java:50) ~[testng-7.8.0.jar:7.8.0]
	at org.testng.internal.invokers.TestInvoker$MethodInvocationAgent.invoke(TestInvoker.java:957) ~[testng-7.8.0.jar:7.8.0]
	at org.testng.internal.invokers.TestInvoker.invokeTestMethods(TestInvoker.java:200) ~[testng-7.8.0.jar:7.8.0]
	at org.testng.internal.invokers.TestMethodWorker.invokeTestMethods(TestMethodWorker.java:148) ~[testng-7.8.0.jar:7.8.0]
	at org.testng.internal.invokers.TestMethodWorker.run(TestMethodWorker.java:128) ~[testng-7.8.0.jar:7.8.0]
	at java.util.concurrent.ThreadPoolExecutor.runWorker(ThreadPoolExecutor.java:1144) ~[?:?]
	at java.util.concurrent.ThreadPoolExecutor$Worker.run(ThreadPoolExecutor.java:642) ~[?:?]
	at java.lang.Thread.run(Thread.java:1583) [?:?]
Caused by: java.lang.NullPointerException
	at java.lang.Class.isAssignableFrom(Native Method) ~[?:?]
	at java_lang_Class$isAssignableFrom$0.call(Unknown Source) ~[?:?]
	at org.codehaus.groovy.runtime.callsite.CallSiteArray.defaultCall(CallSiteArray.java:45) ~[groovy-4.0.11.jar:4.0.11]
	at java_lang_Class$isAssignableFrom$0.call(Unknown Source) ~[?:?]
	at io.restassured.internal.RequestSpecificationImpl$_applyPathParamsAndSendRequest_closure34.doCall(RequestSpecificationImpl.groovy:1697) ~[rest-assured-5.3.2.jar:?]
	at jdk.internal.reflect.DirectMethodHandleAccessor.invoke(DirectMethodHandleAccessor.java:103) ~[?:?]
	at java.lang.reflect.Method.invoke(Method.java:580) ~[?:?]
	at org.codehaus.groovy.reflection.CachedMethod.invoke(CachedMethod.java:343) ~[groovy-4.0.11.jar:4.0.11]
	at groovy.lang.MetaMethod.doMethodInvoke(MetaMethod.java:328) ~[groovy-4.0.11.jar:4.0.11]
	at org.codehaus.groovy.runtime.metaclass.ClosureMetaClass.invokeMethod(ClosureMetaClass.java:279) ~[groovy-4.0.11.jar:4.0.11]
	at groovy.lang.MetaClassImpl.invokeMethod(MetaClassImpl.java:1006) ~[groovy-4.0.11.jar:4.0.11]
	at org.codehaus.groovy.runtime.callsite.PogoMetaClassSite.call(PogoMetaClassSite.java:39) ~[groovy-4.0.11.jar:4.0.11]
	at org.codehaus.groovy.runtime.callsite.BooleanReturningMethodInvoker.invoke(BooleanReturningMethodInvoker.java:49) ~[groovy-4.0.11.jar:4.0.11]
	at org.codehaus.groovy.runtime.callsite.BooleanClosureWrapper.call(BooleanClosureWrapper.java:52) ~[groovy-4.0.11.jar:4.0.11]
	at org.codehaus.groovy.runtime.DefaultGroovyMethods.any(DefaultGroovyMethods.java:2718) ~[groovy-4.0.11.jar:4.0.11]
	at org.codehaus.groovy.runtime.DefaultGroovyMethods.any(DefaultGroovyMethods.java:2737) ~[groovy-4.0.11.jar:4.0.11]
	at org.codehaus.groovy.runtime.dgm$14.invoke(Unknown Source) ~[groovy-4.0.11.jar:4.0.11]
	at org.codehaus.groovy.runtime.callsite.PojoMetaMethodSite$PojoMetaMethodSiteNoUnwrapNoCoerce.invoke(PojoMetaMethodSite.java:253) ~[groovy-4.0.11.jar:4.0.11]
	at org.codehaus.groovy.runtime.callsite.PojoMetaMethodSite.call(PojoMetaMethodSite.java:57) ~[groovy-4.0.11.jar:4.0.11]
	at org.codehaus.groovy.runtime.callsite.CallSiteArray.defaultCall(CallSiteArray.java:45) ~[groovy-4.0.11.jar:4.0.11]
	at org.codehaus.groovy.runtime.callsite.AbstractCallSite.call(AbstractCallSite.java:125) ~[groovy-4.0.11.jar:4.0.11]
	at org.codehaus.groovy.runtime.callsite.AbstractCallSite.call(AbstractCallSite.java:139) ~[groovy-4.0.11.jar:4.0.11]
	at io.restassured.internal.RequestSpecificationImpl.applyPathParamsAndSendRequest(RequestSpecificationImpl.groovy:1697) ~[rest-assured-5.3.2.jar:?]
	at io.restassured.internal.RequestSpecificationImpl.this$2$applyPathParamsAndSendRequest(RequestSpecificationImpl.groovy) ~[rest-assured-5.3.2.jar:?]
	at jdk.internal.reflect.DirectMethodHandleAccessor.invoke(DirectMethodHandleAccessor.java:103) ~[?:?]
	at java.lang.reflect.Method.invoke(Method.java:580) ~[?:?]
	at org.codehaus.groovy.reflection.CachedMethod.invoke(CachedMethod.java:343) ~[groovy-4.0.11.jar:4.0.11]
	at groovy.lang.MetaMethod.doMethodInvoke(MetaMethod.java:328) ~[groovy-4.0.11.jar:4.0.11]
	at groovy.lang.MetaClassImpl.doInvokeMethod(MetaClassImpl.java:1331) ~[groovy-4.0.11.jar:4.0.11]
	at groovy.lang.MetaClassImpl.invokeMethod(MetaClassImpl.java:1086) ~[groovy-4.0.11.jar:4.0.11]
	at groovy.lang.MetaClassImpl.invokeMethod(MetaClassImpl.java:1006) ~[groovy-4.0.11.jar:4.0.11]
	at groovy.lang.MetaClassImpl.invokeMethod(MetaClassImpl.java:789) ~[groovy-4.0.11.jar:4.0.11]
	at io.restassured.internal.RequestSpecificationImpl.invokeMethod(RequestSpecificationImpl.groovy) ~[rest-assured-5.3.2.jar:?]
	at org.codehaus.groovy.runtime.callsite.PogoInterceptableSite.call(PogoInterceptableSite.java:46) ~[groovy-4.0.11.jar:4.0.11]
	at org.codehaus.groovy.runtime.callsite.PogoInterceptableSite.callCurrent(PogoInterceptableSite.java:57) ~[groovy-4.0.11.jar:4.0.11]
	at org.codehaus.groovy.runtime.callsite.AbstractCallSite.callCurrent(AbstractCallSite.java:203) ~[groovy-4.0.11.jar:4.0.11]
	at org.codehaus.groovy.runtime.callsite.AbstractCallSite.callCurrent(AbstractCallSite.java:201) ~[groovy-4.0.11.jar:4.0.11]
	at io.restassured.internal.RequestSpecificationImpl.applyPathParamsAndSendRequest(RequestSpecificationImpl.groovy:1710) ~[rest-assured-5.3.2.jar:?]
	at io.restassured.internal.RequestSpecificationImpl.this$2$applyPathParamsAndSendRequest(RequestSpecificationImpl.groovy) ~[rest-assured-5.3.2.jar:?]
	at jdk.internal.reflect.DirectMethodHandleAccessor.invoke(DirectMethodHandleAccessor.java:103) ~[?:?]
	at java.lang.reflect.Method.invoke(Method.java:580) ~[?:?]
	at org.codehaus.groovy.reflection.CachedMethod.invoke(CachedMethod.java:343) ~[groovy-4.0.11.jar:4.0.11]
	at groovy.lang.MetaMethod.doMethodInvoke(MetaMethod.java:328) ~[groovy-4.0.11.jar:4.0.11]
	at groovy.lang.MetaClassImpl.doInvokeMethod(MetaClassImpl.java:1331) ~[groovy-4.0.11.jar:4.0.11]
	at groovy.lang.MetaClassImpl.invokeMethod(MetaClassImpl.java:1086) ~[groovy-4.0.11.jar:4.0.11]
	at groovy.lang.MetaClassImpl.invokeMethod(MetaClassImpl.java:1006) ~[groovy-4.0.11.jar:4.0.11]
	at groovy.lang.MetaClassImpl.invokeMethod(MetaClassImpl.java:789) ~[groovy-4.0.11.jar:4.0.11]
	at io.restassured.internal.RequestSpecificationImpl.invokeMethod(RequestSpecificationImpl.groovy) ~[rest-assured-5.3.2.jar:?]
	at org.codehaus.groovy.runtime.callsite.PogoInterceptableSite.call(PogoInterceptableSite.java:46) ~[groovy-4.0.11.jar:4.0.11]
	at org.codehaus.groovy.runtime.callsite.PogoInterceptableSite.callCurrent(PogoInterceptableSite.java:57) ~[groovy-4.0.11.jar:4.0.11]
	at org.codehaus.groovy.runtime.callsite.CallSiteArray.defaultCallCurrent(CallSiteArray.java:49) ~[groovy-4.0.11.jar:4.0.11]
	at org.codehaus.groovy.runtime.callsite.AbstractCallSite.callCurrent(AbstractCallSite.java:171) ~[groovy-4.0.11.jar:4.0.11]
	at org.codehaus.groovy.runtime.callsite.AbstractCallSite.callCurrent(AbstractCallSite.java:203) ~[groovy-4.0.11.jar:4.0.11]
	at io.restassured.internal.RequestSpecificationImpl.get(RequestSpecificationImpl.groovy:172) ~[rest-assured-5.3.2.jar:?]
	at io.restassured.internal.RequestSpecificationImpl.get(RequestSpecificationImpl.groovy) ~[rest-assured-5.3.2.jar:?]
	at com.example.booking.api.ApiClient.getFreeSlots(ApiClient.java:56) ~[test-classes/:?]
	... 14 more
]]></system-out>
    <system-err><![CDATA[SLF4J: Failed to load class "org.slf4j.impl.StaticLoggerBinder".
SLF4J: Defaulting to no-operation (NOP) logger implementation
SLF4J: See http://www.slf4j.org/codes.html#StaticLoggerBinder for further details.
]]></system-err>
  </testcase>
  <testcase name="test_paymobGatewayWithoutCoupon" classname="com.example.booking.tests.E2E_Booking_Test" time="0.731">
    <failure message="Test failed: Failed to get free slots" type="java.lang.AssertionError"><![CDATA[java.lang.AssertionError: Test failed: Failed to get free slots
	at org.testng.Assert.fail(Assert.java:111)
	at com.example.booking.tests.E2E_Booking_Test.test_paymobGatewayWithoutCoupon(E2E_Booking_Test.java:145)
	at java.base/jdk.internal.reflect.DirectMethodHandleAccessor.invoke(DirectMethodHandleAccessor.java:103)
	at java.base/java.lang.reflect.Method.invoke(Method.java:580)
	at org.testng.internal.invokers.MethodInvocationHelper.invokeMethod(MethodInvocationHelper.java:139)
	at org.testng.internal.invokers.TestInvoker.invokeMethod(TestInvoker.java:664)
	at org.testng.internal.invokers.TestInvoker.invokeTestMethod(TestInvoker.java:227)
	at org.testng.internal.invokers.MethodRunner.runInSequence(MethodRunner.java:50)
	at org.testng.internal.invokers.TestInvoker$MethodInvocationAgent.invoke(TestInvoker.java:957)
	at org.testng.internal.invokers.TestInvoker.invokeTestMethods(TestInvoker.java:200)
	at org.testng.internal.invokers.TestMethodWorker.invokeTestMethods(TestMethodWorker.java:148)
	at org.testng.internal.invokers.TestMethodWorker.run(TestMethodWorker.java:128)
	at java.base/java.util.concurrent.ThreadPoolExecutor.runWorker(ThreadPoolExecutor.java:1144)
	at java.base/java.util.concurrent.ThreadPoolExecutor$Worker.run(ThreadPoolExecutor.java:642)
	at java.base/java.lang.Thread.run(Thread.java:1583)
]]></failure>
  </testcase>
  <testcase name="test_fawryGatewayWithoutCoupon" classname="com.example.booking.tests.E2E_Booking_Test" time="0.014">
    <failure message="Test failed: Failed to get free slots" type="java.lang.AssertionError"><![CDATA[java.lang.AssertionError: Test failed: Failed to get free slots
	at org.testng.Assert.fail(Assert.java:111)
	at com.example.booking.tests.E2E_Booking_Test.test_fawryGatewayWithoutCoupon(E2E_Booking_Test.java:191)
	at java.base/jdk.internal.reflect.DirectMethodHandleAccessor.invoke(DirectMethodHandleAccessor.java:103)
	at java.base/java.lang.reflect.Method.invoke(Method.java:580)
	at org.testng.internal.invokers.MethodInvocationHelper.invokeMethod(MethodInvocationHelper.java:139)
	at org.testng.internal.invokers.TestInvoker.invokeMethod(TestInvoker.java:664)
	at org.testng.internal.invokers.TestInvoker.invokeTestMethod(TestInvoker.java:227)
	at org.testng.internal.invokers.MethodRunner.runInSequence(MethodRunner.java:50)
	at org.testng.internal.invokers.TestInvoker$MethodInvocationAgent.invoke(TestInvoker.java:957)
	at org.testng.internal.invokers.TestInvoker.invokeTestMethods(TestInvoker.java:200)
	at org.testng.internal.invokers.TestMethodWorker.invokeTestMethods(TestMethodWorker.java:148)
	at org.testng.internal.invokers.TestMethodWorker.run(TestMethodWorker.java:128)
	at java.base/java.util.concurrent.ThreadPoolExecutor.runWorker(ThreadPoolExecutor.java:1144)
	at java.base/java.util.concurrent.ThreadPoolExecutor$Worker.run(ThreadPoolExecutor.java:642)
	at java.base/java.lang.Thread.run(Thread.java:1583)
]]></failure>
    <system-out><![CDATA[13:06:46.474 [TestNG-test=Gateway Tests - Group A-1] INFO  com.example.booking.tests.BaseTest - Starting Fawry gateway test without coupon
13:06:46.474 [TestNG-test=Gateway Tests - Group A-1] INFO  com.example.booking.api.ApiClient - Getting free slots
13:06:46.477 [TestNG-test=Gateway Tests - Group A-1] ERROR com.example.booking.api.ApiClient - Error getting free slots: null
java.lang.NullPointerException: null
	at java.lang.Class.isAssignableFrom(Native Method) ~[?:?]
	at java_lang_Class$isAssignableFrom$0.call(Unknown Source) ~[?:?]
	at org.codehaus.groovy.runtime.callsite.CallSiteArray.defaultCall(CallSiteArray.java:45) ~[groovy-4.0.11.jar:4.0.11]
	at java_lang_Class$isAssignableFrom$0.call(Unknown Source) ~[?:?]
	at io.restassured.internal.RequestSpecificationImpl$_applyPathParamsAndSendRequest_closure34.doCall(RequestSpecificationImpl.groovy:1697) ~[rest-assured-5.3.2.jar:?]
	at jdk.internal.reflect.DirectMethodHandleAccessor.invoke(DirectMethodHandleAccessor.java:103) ~[?:?]
	at java.lang.reflect.Method.invoke(Method.java:580) ~[?:?]
	at org.codehaus.groovy.reflection.CachedMethod.invoke(CachedMethod.java:343) ~[groovy-4.0.11.jar:4.0.11]
	at groovy.lang.MetaMethod.doMethodInvoke(MetaMethod.java:328) ~[groovy-4.0.11.jar:4.0.11]
	at org.codehaus.groovy.runtime.metaclass.ClosureMetaClass.invokeMethod(ClosureMetaClass.java:279) ~[groovy-4.0.11.jar:4.0.11]
	at groovy.lang.MetaClassImpl.invokeMethod(MetaClassImpl.java:1006) ~[groovy-4.0.11.jar:4.0.11]
	at org.codehaus.groovy.runtime.callsite.PogoMetaClassSite.call(PogoMetaClassSite.java:39) ~[groovy-4.0.11.jar:4.0.11]
	at org.codehaus.groovy.runtime.callsite.BooleanReturningMethodInvoker.invoke(BooleanReturningMethodInvoker.java:49) ~[groovy-4.0.11.jar:4.0.11]
	at org.codehaus.groovy.runtime.callsite.BooleanClosureWrapper.call(BooleanClosureWrapper.java:52) ~[groovy-4.0.11.jar:4.0.11]
	at org.codehaus.groovy.runtime.DefaultGroovyMethods.any(DefaultGroovyMethods.java:2718) ~[groovy-4.0.11.jar:4.0.11]
	at org.codehaus.groovy.runtime.DefaultGroovyMethods.any(DefaultGroovyMethods.java:2737) ~[groovy-4.0.11.jar:4.0.11]
	at org.codehaus.groovy.runtime.dgm$14.invoke(Unknown Source) ~[groovy-4.0.11.jar:4.0.11]
	at org.codehaus.groovy.runtime.callsite.PojoMetaMethodSite$PojoMetaMethodSiteNoUnwrapNoCoerce.invoke(PojoMetaMethodSite.java:253) ~[groovy-4.0.11.jar:4.0.11]
	at org.codehaus.groovy.runtime.callsite.PojoMetaMethodSite.call(PojoMetaMethodSite.java:57) ~[groovy-4.0.11.jar:4.0.11]
	at org.codehaus.groovy.runtime.callsite.AbstractCallSite.call(AbstractCallSite.java:139) ~[groovy-4.0.11.jar:4.0.11]
	at io.restassured.internal.RequestSpecificationImpl.applyPathParamsAndSendRequest(RequestSpecificationImpl.groovy:1697) ~[rest-assured-5.3.2.jar:?]
	at io.restassured.internal.RequestSpecificationImpl.this$2$applyPathParamsAndSendRequest(RequestSpecificationImpl.groovy) ~[rest-assured-5.3.2.jar:?]
	at jdk.internal.reflect.DirectMethodHandleAccessor.invoke(DirectMethodHandleAccessor.java:103) ~[?:?]
	at java.lang.reflect.Method.invoke(Method.java:580) ~[?:?]
	at org.codehaus.groovy.reflection.CachedMethod.invoke(CachedMethod.java:343) ~[groovy-4.0.11.jar:4.0.11]
	at groovy.lang.MetaMethod.doMethodInvoke(MetaMethod.java:328) ~[groovy-4.0.11.jar:4.0.11]
	at groovy.lang.MetaClassImpl.doInvokeMethod(MetaClassImpl.java:1331) ~[groovy-4.0.11.jar:4.0.11]
	at groovy.lang.MetaClassImpl.invokeMethod(MetaClassImpl.java:1086) ~[groovy-4.0.11.jar:4.0.11]
	at groovy.lang.MetaClassImpl.invokeMethod(MetaClassImpl.java:1006) ~[groovy-4.0.11.jar:4.0.11]
	at groovy.lang.MetaClassImpl.invokeMethod(MetaClassImpl.java:789) ~[groovy-4.0.11.jar:4.0.11]
	at io.restassured.internal.RequestSpecificationImpl.invokeMethod(RequestSpecificationImpl.groovy) ~[rest-assured-5.3.2.jar:?]
	at org.codehaus.groovy.runtime.callsite.PogoInterceptableSite.call(PogoInterceptableSite.java:46) ~[groovy-4.0.11.jar:4.0.11]
	at org.codehaus.groovy.runtime.callsite.PogoInterceptableSite.callCurrent(PogoInterceptableSite.java:57) ~[groovy-4.0.11.jar:4.0.11]
	at org.codehaus.groovy.runtime.callsite.AbstractCallSite.callCurrent(AbstractCallSite.java:203) ~[groovy-4.0.11.jar:4.0.11]
	at io.restassured.internal.RequestSpecificationImpl.applyPathParamsAndSendRequest(RequestSpecificationImpl.groovy:1710) ~[rest-assured-5.3.2.jar:?]
	at io.restassured.internal.RequestSpecificationImpl.this$2$applyPathParamsAndSendRequest(RequestSpecificationImpl.groovy) ~[rest-assured-5.3.2.jar:?]
	at jdk.internal.reflect.DirectMethodHandleAccessor.invoke(DirectMethodHandleAccessor.java:103) ~[?:?]
	at java.lang.reflect.Method.invoke(Method.java:580) ~[?:?]
	at org.codehaus.groovy.reflection.CachedMethod.invoke(CachedMethod.java:343) ~[groovy-4.0.11.jar:4.0.11]
	at groovy.lang.MetaMethod.doMethodInvoke(MetaMethod.java:328) ~[groovy-4.0.11.jar:4.0.11]
	at groovy.lang.MetaClassImpl.doInvokeMethod(MetaClassImpl.java:1331) ~[groovy-4.0.11.jar:4.0.11]
	at groovy.lang.MetaClassImpl.invokeMethod(MetaClassImpl.java:1086) ~[groovy-4.0.11.jar:4.0.11]
	at groovy.lang.MetaClassImpl.invokeMethod(MetaClassImpl.java:1006) ~[groovy-4.0.11.jar:4.0.11]
	at groovy.lang.MetaClassImpl.invokeMethod(MetaClassImpl.java:789) ~[groovy-4.0.11.jar:4.0.11]
	at io.restassured.internal.RequestSpecificationImpl.invokeMethod(RequestSpecificationImpl.groovy) ~[rest-assured-5.3.2.jar:?]
	at org.codehaus.groovy.runtime.callsite.PogoInterceptableSite.call(PogoInterceptableSite.java:46) ~[groovy-4.0.11.jar:4.0.11]
	at org.codehaus.groovy.runtime.callsite.PogoInterceptableSite.callCurrent(PogoInterceptableSite.java:57) ~[groovy-4.0.11.jar:4.0.11]
	at org.codehaus.groovy.runtime.callsite.AbstractCallSite.callCurrent(AbstractCallSite.java:203) ~[groovy-4.0.11.jar:4.0.11]
	at io.restassured.internal.RequestSpecificationImpl.get(RequestSpecificationImpl.groovy:172) ~[rest-assured-5.3.2.jar:?]
	at io.restassured.internal.RequestSpecificationImpl.get(RequestSpecificationImpl.groovy) ~[rest-assured-5.3.2.jar:?]
	at com.example.booking.api.ApiClient.getFreeSlots(ApiClient.java:56) ~[test-classes/:?]
	at com.example.booking.tests.E2E_Booking_Test.getAvailableSlot(E2E_Booking_Test.java:300) ~[test-classes/:?]
	at com.example.booking.tests.E2E_Booking_Test.test_fawryGatewayWithoutCoupon(E2E_Booking_Test.java:159) ~[test-classes/:?]
	at jdk.internal.reflect.DirectMethodHandleAccessor.invoke(DirectMethodHandleAccessor.java:103) ~[?:?]
	at java.lang.reflect.Method.invoke(Method.java:580) ~[?:?]
	at org.testng.internal.invokers.MethodInvocationHelper.invokeMethod(MethodInvocationHelper.java:139) ~[testng-7.8.0.jar:7.8.0]
	at org.testng.internal.invokers.TestInvoker.invokeMethod(TestInvoker.java:664) ~[testng-7.8.0.jar:7.8.0]
	at org.testng.internal.invokers.TestInvoker.invokeTestMethod(TestInvoker.java:227) ~[testng-7.8.0.jar:7.8.0]
	at org.testng.internal.invokers.MethodRunner.runInSequence(MethodRunner.java:50) ~[testng-7.8.0.jar:7.8.0]
	at org.testng.internal.invokers.TestInvoker$MethodInvocationAgent.invoke(TestInvoker.java:957) ~[testng-7.8.0.jar:7.8.0]
	at org.testng.internal.invokers.TestInvoker.invokeTestMethods(TestInvoker.java:200) ~[testng-7.8.0.jar:7.8.0]
	at org.testng.internal.invokers.TestMethodWorker.invokeTestMethods(TestMethodWorker.java:148) ~[testng-7.8.0.jar:7.8.0]
	at org.testng.internal.invokers.TestMethodWorker.run(TestMethodWorker.java:128) ~[testng-7.8.0.jar:7.8.0]
	at java.util.concurrent.ThreadPoolExecutor.runWorker(ThreadPoolExecutor.java:1144) ~[?:?]
	at java.util.concurrent.ThreadPoolExecutor$Worker.run(ThreadPoolExecutor.java:642) ~[?:?]
	at java.lang.Thread.run(Thread.java:1583) [?:?]
13:06:46.480 [TestNG-test=Gateway Tests - Group A-1] ERROR com.example.booking.tests.BaseTest - Fawry gateway test failed: Failed to get free slots
java.lang.RuntimeException: Failed to get free slots
	at com.example.booking.api.ApiClient.getFreeSlots(ApiClient.java:63) ~[test-classes/:?]
	at com.example.booking.tests.E2E_Booking_Test.getAvailableSlot(E2E_Booking_Test.java:300) ~[test-classes/:?]
	at com.example.booking.tests.E2E_Booking_Test.test_fawryGatewayWithoutCoupon(E2E_Booking_Test.java:159) ~[test-classes/:?]
	at jdk.internal.reflect.DirectMethodHandleAccessor.invoke(DirectMethodHandleAccessor.java:103) ~[?:?]
	at java.lang.reflect.Method.invoke(Method.java:580) ~[?:?]
	at org.testng.internal.invokers.MethodInvocationHelper.invokeMethod(MethodInvocationHelper.java:139) ~[testng-7.8.0.jar:7.8.0]
	at org.testng.internal.invokers.TestInvoker.invokeMethod(TestInvoker.java:664) ~[testng-7.8.0.jar:7.8.0]
	at org.testng.internal.invokers.TestInvoker.invokeTestMethod(TestInvoker.java:227) ~[testng-7.8.0.jar:7.8.0]
	at org.testng.internal.invokers.MethodRunner.runInSequence(MethodRunner.java:50) ~[testng-7.8.0.jar:7.8.0]
	at org.testng.internal.invokers.TestInvoker$MethodInvocationAgent.invoke(TestInvoker.java:957) ~[testng-7.8.0.jar:7.8.0]
	at org.testng.internal.invokers.TestInvoker.invokeTestMethods(TestInvoker.java:200) ~[testng-7.8.0.jar:7.8.0]
	at org.testng.internal.invokers.TestMethodWorker.invokeTestMethods(TestMethodWorker.java:148) ~[testng-7.8.0.jar:7.8.0]
	at org.testng.internal.invokers.TestMethodWorker.run(TestMethodWorker.java:128) ~[testng-7.8.0.jar:7.8.0]
	at java.util.concurrent.ThreadPoolExecutor.runWorker(ThreadPoolExecutor.java:1144) ~[?:?]
	at java.util.concurrent.ThreadPoolExecutor$Worker.run(ThreadPoolExecutor.java:642) ~[?:?]
	at java.lang.Thread.run(Thread.java:1583) [?:?]
Caused by: java.lang.NullPointerException
	at java.lang.Class.isAssignableFrom(Native Method) ~[?:?]
	at java_lang_Class$isAssignableFrom$0.call(Unknown Source) ~[?:?]
	at org.codehaus.groovy.runtime.callsite.CallSiteArray.defaultCall(CallSiteArray.java:45) ~[groovy-4.0.11.jar:4.0.11]
	at java_lang_Class$isAssignableFrom$0.call(Unknown Source) ~[?:?]
	at io.restassured.internal.RequestSpecificationImpl$_applyPathParamsAndSendRequest_closure34.doCall(RequestSpecificationImpl.groovy:1697) ~[rest-assured-5.3.2.jar:?]
	at jdk.internal.reflect.DirectMethodHandleAccessor.invoke(DirectMethodHandleAccessor.java:103) ~[?:?]
	at java.lang.reflect.Method.invoke(Method.java:580) ~[?:?]
	at org.codehaus.groovy.reflection.CachedMethod.invoke(CachedMethod.java:343) ~[groovy-4.0.11.jar:4.0.11]
	at groovy.lang.MetaMethod.doMethodInvoke(MetaMethod.java:328) ~[groovy-4.0.11.jar:4.0.11]
	at org.codehaus.groovy.runtime.metaclass.ClosureMetaClass.invokeMethod(ClosureMetaClass.java:279) ~[groovy-4.0.11.jar:4.0.11]
	at groovy.lang.MetaClassImpl.invokeMethod(MetaClassImpl.java:1006) ~[groovy-4.0.11.jar:4.0.11]
	at org.codehaus.groovy.runtime.callsite.PogoMetaClassSite.call(PogoMetaClassSite.java:39) ~[groovy-4.0.11.jar:4.0.11]
	at org.codehaus.groovy.runtime.callsite.BooleanReturningMethodInvoker.invoke(BooleanReturningMethodInvoker.java:49) ~[groovy-4.0.11.jar:4.0.11]
	at org.codehaus.groovy.runtime.callsite.BooleanClosureWrapper.call(BooleanClosureWrapper.java:52) ~[groovy-4.0.11.jar:4.0.11]
	at org.codehaus.groovy.runtime.DefaultGroovyMethods.any(DefaultGroovyMethods.java:2718) ~[groovy-4.0.11.jar:4.0.11]
	at org.codehaus.groovy.runtime.DefaultGroovyMethods.any(DefaultGroovyMethods.java:2737) ~[groovy-4.0.11.jar:4.0.11]
	at org.codehaus.groovy.runtime.dgm$14.invoke(Unknown Source) ~[groovy-4.0.11.jar:4.0.11]
	at org.codehaus.groovy.runtime.callsite.PojoMetaMethodSite$PojoMetaMethodSiteNoUnwrapNoCoerce.invoke(PojoMetaMethodSite.java:253) ~[groovy-4.0.11.jar:4.0.11]
	at org.codehaus.groovy.runtime.callsite.PojoMetaMethodSite.call(PojoMetaMethodSite.java:57) ~[groovy-4.0.11.jar:4.0.11]
	at org.codehaus.groovy.runtime.callsite.AbstractCallSite.call(AbstractCallSite.java:139) ~[groovy-4.0.11.jar:4.0.11]
	at io.restassured.internal.RequestSpecificationImpl.applyPathParamsAndSendRequest(RequestSpecificationImpl.groovy:1697) ~[rest-assured-5.3.2.jar:?]
	at io.restassured.internal.RequestSpecificationImpl.this$2$applyPathParamsAndSendRequest(RequestSpecificationImpl.groovy) ~[rest-assured-5.3.2.jar:?]
	at jdk.internal.reflect.DirectMethodHandleAccessor.invoke(DirectMethodHandleAccessor.java:103) ~[?:?]
	at java.lang.reflect.Method.invoke(Method.java:580) ~[?:?]
	at org.codehaus.groovy.reflection.CachedMethod.invoke(CachedMethod.java:343) ~[groovy-4.0.11.jar:4.0.11]
	at groovy.lang.MetaMethod.doMethodInvoke(MetaMethod.java:328) ~[groovy-4.0.11.jar:4.0.11]
	at groovy.lang.MetaClassImpl.doInvokeMethod(MetaClassImpl.java:1331) ~[groovy-4.0.11.jar:4.0.11]
	at groovy.lang.MetaClassImpl.invokeMethod(MetaClassImpl.java:1086) ~[groovy-4.0.11.jar:4.0.11]
	at groovy.lang.MetaClassImpl.invokeMethod(MetaClassImpl.java:1006) ~[groovy-4.0.11.jar:4.0.11]
	at groovy.lang.MetaClassImpl.invokeMethod(MetaClassImpl.java:789) ~[groovy-4.0.11.jar:4.0.11]
	at io.restassured.internal.RequestSpecificationImpl.invokeMethod(RequestSpecificationImpl.groovy) ~[rest-assured-5.3.2.jar:?]
	at org.codehaus.groovy.runtime.callsite.PogoInterceptableSite.call(PogoInterceptableSite.java:46) ~[groovy-4.0.11.jar:4.0.11]
	at org.codehaus.groovy.runtime.callsite.PogoInterceptableSite.callCurrent(PogoInterceptableSite.java:57) ~[groovy-4.0.11.jar:4.0.11]
	at org.codehaus.groovy.runtime.callsite.AbstractCallSite.callCurrent(AbstractCallSite.java:203) ~[groovy-4.0.11.jar:4.0.11]
	at io.restassured.internal.RequestSpecificationImpl.applyPathParamsAndSendRequest(RequestSpecificationImpl.groovy:1710) ~[rest-assured-5.3.2.jar:?]
	at io.restassured.internal.RequestSpecificationImpl.this$2$applyPathParamsAndSendRequest(RequestSpecificationImpl.groovy) ~[rest-assured-5.3.2.jar:?]
	at jdk.internal.reflect.DirectMethodHandleAccessor.invoke(DirectMethodHandleAccessor.java:103) ~[?:?]
	at java.lang.reflect.Method.invoke(Method.java:580) ~[?:?]
	at org.codehaus.groovy.reflection.CachedMethod.invoke(CachedMethod.java:343) ~[groovy-4.0.11.jar:4.0.11]
	at groovy.lang.MetaMethod.doMethodInvoke(MetaMethod.java:328) ~[groovy-4.0.11.jar:4.0.11]
	at groovy.lang.MetaClassImpl.doInvokeMethod(MetaClassImpl.java:1331) ~[groovy-4.0.11.jar:4.0.11]
	at groovy.lang.MetaClassImpl.invokeMethod(MetaClassImpl.java:1086) ~[groovy-4.0.11.jar:4.0.11]
	at groovy.lang.MetaClassImpl.invokeMethod(MetaClassImpl.java:1006) ~[groovy-4.0.11.jar:4.0.11]
	at groovy.lang.MetaClassImpl.invokeMethod(MetaClassImpl.java:789) ~[groovy-4.0.11.jar:4.0.11]
	at io.restassured.internal.RequestSpecificationImpl.invokeMethod(RequestSpecificationImpl.groovy) ~[rest-assured-5.3.2.jar:?]
	at org.codehaus.groovy.runtime.callsite.PogoInterceptableSite.call(PogoInterceptableSite.java:46) ~[groovy-4.0.11.jar:4.0.11]
	at org.codehaus.groovy.runtime.callsite.PogoInterceptableSite.callCurrent(PogoInterceptableSite.java:57) ~[groovy-4.0.11.jar:4.0.11]
	at org.codehaus.groovy.runtime.callsite.AbstractCallSite.callCurrent(AbstractCallSite.java:203) ~[groovy-4.0.11.jar:4.0.11]
	at io.restassured.internal.RequestSpecificationImpl.get(RequestSpecificationImpl.groovy:172) ~[rest-assured-5.3.2.jar:?]
	at io.restassured.internal.RequestSpecificationImpl.get(RequestSpecificationImpl.groovy) ~[rest-assured-5.3.2.jar:?]
	at com.example.booking.api.ApiClient.getFreeSlots(ApiClient.java:56) ~[test-classes/:?]
	... 15 more
]]></system-out>
  </testcase>
  <testcase name="test_gatewayWithPartialCoupon" classname="com.example.booking.tests.E2E_Booking_Test" time="0.018">
    <failure message="Test failed: Failed to get free slots" type="java.lang.AssertionError"><![CDATA[java.lang.AssertionError: Test failed: Failed to get free slots
	at org.testng.Assert.fail(Assert.java:111)
	at com.example.booking.tests.E2E_Booking_Test.test_gatewayWithPartialCoupon(E2E_Booking_Test.java:242)
	at java.base/jdk.internal.reflect.DirectMethodHandleAccessor.invoke(DirectMethodHandleAccessor.java:103)
	at java.base/java.lang.reflect.Method.invoke(Method.java:580)
	at org.testng.internal.invokers.MethodInvocationHelper.invokeMethod(MethodInvocationHelper.java:139)
	at org.testng.internal.invokers.TestInvoker.invokeMethod(TestInvoker.java:664)
	at org.testng.internal.invokers.TestInvoker.invokeTestMethod(TestInvoker.java:227)
	at org.testng.internal.invokers.MethodRunner.runInSequence(MethodRunner.java:50)
	at org.testng.internal.invokers.TestInvoker$MethodInvocationAgent.invoke(TestInvoker.java:957)
	at org.testng.internal.invokers.TestInvoker.invokeTestMethods(TestInvoker.java:200)
	at org.testng.internal.invokers.TestMethodWorker.invokeTestMethods(TestMethodWorker.java:148)
	at org.testng.internal.invokers.TestMethodWorker.run(TestMethodWorker.java:128)
	at java.base/java.util.concurrent.ThreadPoolExecutor.runWorker(ThreadPoolExecutor.java:1144)
	at java.base/java.util.concurrent.ThreadPoolExecutor$Worker.run(ThreadPoolExecutor.java:642)
	at java.base/java.lang.Thread.run(Thread.java:1583)
]]></failure>
    <system-out><![CDATA[13:06:46.517 [TestNG-test=Coupon Tests - Group B-1] INFO  com.example.booking.tests.BaseTest - Starting partial coupon test
13:06:46.518 [TestNG-test=Coupon Tests - Group B-1] INFO  com.example.booking.api.ApiClient - Getting free slots
13:06:46.520 [TestNG-test=Coupon Tests - Group B-2] INFO  com.example.booking.tests.BaseTest - Starting 100% coupon test
13:06:46.523 [TestNG-test=Coupon Tests - Group B-2] INFO  com.example.booking.api.ApiClient - Getting free slots
13:06:46.524 [TestNG-test=Coupon Tests - Group B-1] ERROR com.example.booking.api.ApiClient - Error getting free slots: null
java.lang.NullPointerException: null
	at java.lang.Class.isAssignableFrom(Native Method) ~[?:?]
	at java_lang_Class$isAssignableFrom$0.call(Unknown Source) ~[?:?]
	at org.codehaus.groovy.runtime.callsite.CallSiteArray.defaultCall(CallSiteArray.java:45) ~[groovy-4.0.11.jar:4.0.11]
	at java_lang_Class$isAssignableFrom$0.call(Unknown Source) ~[?:?]
	at io.restassured.internal.RequestSpecificationImpl$_applyPathParamsAndSendRequest_closure34.doCall(RequestSpecificationImpl.groovy:1697) ~[rest-assured-5.3.2.jar:?]
	at jdk.internal.reflect.DirectMethodHandleAccessor.invoke(DirectMethodHandleAccessor.java:103) ~[?:?]
	at java.lang.reflect.Method.invoke(Method.java:580) ~[?:?]
	at org.codehaus.groovy.reflection.CachedMethod.invoke(CachedMethod.java:343) ~[groovy-4.0.11.jar:4.0.11]
	at groovy.lang.MetaMethod.doMethodInvoke(MetaMethod.java:328) ~[groovy-4.0.11.jar:4.0.11]
	at org.codehaus.groovy.runtime.metaclass.ClosureMetaClass.invokeMethod(ClosureMetaClass.java:279) ~[groovy-4.0.11.jar:4.0.11]
	at groovy.lang.MetaClassImpl.invokeMethod(MetaClassImpl.java:1006) ~[groovy-4.0.11.jar:4.0.11]
	at org.codehaus.groovy.runtime.callsite.PogoMetaClassSite.call(PogoMetaClassSite.java:39) ~[groovy-4.0.11.jar:4.0.11]
	at org.codehaus.groovy.runtime.callsite.BooleanReturningMethodInvoker.invoke(BooleanReturningMethodInvoker.java:49) ~[groovy-4.0.11.jar:4.0.11]
	at org.codehaus.groovy.runtime.callsite.BooleanClosureWrapper.call(BooleanClosureWrapper.java:52) ~[groovy-4.0.11.jar:4.0.11]
	at org.codehaus.groovy.runtime.DefaultGroovyMethods.any(DefaultGroovyMethods.java:2718) ~[groovy-4.0.11.jar:4.0.11]
	at org.codehaus.groovy.runtime.DefaultGroovyMethods.any(DefaultGroovyMethods.java:2737) ~[groovy-4.0.11.jar:4.0.11]
	at org.codehaus.groovy.runtime.dgm$14.invoke(Unknown Source) ~[groovy-4.0.11.jar:4.0.11]
	at org.codehaus.groovy.runtime.callsite.PojoMetaMethodSite$PojoMetaMethodSiteNoUnwrapNoCoerce.invoke(PojoMetaMethodSite.java:253) ~[groovy-4.0.11.jar:4.0.11]
	at org.codehaus.groovy.runtime.callsite.PojoMetaMethodSite.call(PojoMetaMethodSite.java:57) ~[groovy-4.0.11.jar:4.0.11]
	at org.codehaus.groovy.runtime.callsite.AbstractCallSite.call(AbstractCallSite.java:139) ~[groovy-4.0.11.jar:4.0.11]
	at io.restassured.internal.RequestSpecificationImpl.applyPathParamsAndSendRequest(RequestSpecificationImpl.groovy:1697) ~[rest-assured-5.3.2.jar:?]
	at io.restassured.internal.RequestSpecificationImpl.this$2$applyPathParamsAndSendRequest(RequestSpecificationImpl.groovy) ~[rest-assured-5.3.2.jar:?]
	at jdk.internal.reflect.DirectMethodHandleAccessor.invoke(DirectMethodHandleAccessor.java:103) ~[?:?]
	at java.lang.reflect.Method.invoke(Method.java:580) ~[?:?]
	at org.codehaus.groovy.reflection.CachedMethod.invoke(CachedMethod.java:343) ~[groovy-4.0.11.jar:4.0.11]
	at groovy.lang.MetaMethod.doMethodInvoke(MetaMethod.java:328) ~[groovy-4.0.11.jar:4.0.11]
	at groovy.lang.MetaClassImpl.doInvokeMethod(MetaClassImpl.java:1331) ~[groovy-4.0.11.jar:4.0.11]
	at groovy.lang.MetaClassImpl.invokeMethod(MetaClassImpl.java:1086) ~[groovy-4.0.11.jar:4.0.11]
	at groovy.lang.MetaClassImpl.invokeMethod(MetaClassImpl.java:1006) ~[groovy-4.0.11.jar:4.0.11]
	at groovy.lang.MetaClassImpl.invokeMethod(MetaClassImpl.java:789) ~[groovy-4.0.11.jar:4.0.11]
	at io.restassured.internal.RequestSpecificationImpl.invokeMethod(RequestSpecificationImpl.groovy) ~[rest-assured-5.3.2.jar:?]
	at org.codehaus.groovy.runtime.callsite.PogoInterceptableSite.call(PogoInterceptableSite.java:46) ~[groovy-4.0.11.jar:4.0.11]
	at org.codehaus.groovy.runtime.callsite.PogoInterceptableSite.callCurrent(PogoInterceptableSite.java:57) ~[groovy-4.0.11.jar:4.0.11]
	at org.codehaus.groovy.runtime.callsite.AbstractCallSite.callCurrent(AbstractCallSite.java:203) ~[groovy-4.0.11.jar:4.0.11]
	at io.restassured.internal.RequestSpecificationImpl.applyPathParamsAndSendRequest(RequestSpecificationImpl.groovy:1710) ~[rest-assured-5.3.2.jar:?]
	at io.restassured.internal.RequestSpecificationImpl.this$2$applyPathParamsAndSendRequest(RequestSpecificationImpl.groovy) ~[rest-assured-5.3.2.jar:?]
	at jdk.internal.reflect.DirectMethodHandleAccessor.invoke(DirectMethodHandleAccessor.java:103) ~[?:?]
	at java.lang.reflect.Method.invoke(Method.java:580) ~[?:?]
	at org.codehaus.groovy.reflection.CachedMethod.invoke(CachedMethod.java:343) ~[groovy-4.0.11.jar:4.0.11]
	at groovy.lang.MetaMethod.doMethodInvoke(MetaMethod.java:328) ~[groovy-4.0.11.jar:4.0.11]
	at groovy.lang.MetaClassImpl.doInvokeMethod(MetaClassImpl.java:1331) ~[groovy-4.0.11.jar:4.0.11]
	at groovy.lang.MetaClassImpl.invokeMethod(MetaClassImpl.java:1086) ~[groovy-4.0.11.jar:4.0.11]
	at groovy.lang.MetaClassImpl.invokeMethod(MetaClassImpl.java:1006) ~[groovy-4.0.11.jar:4.0.11]
	at groovy.lang.MetaClassImpl.invokeMethod(MetaClassImpl.java:789) ~[groovy-4.0.11.jar:4.0.11]
	at io.restassured.internal.RequestSpecificationImpl.invokeMethod(RequestSpecificationImpl.groovy) ~[rest-assured-5.3.2.jar:?]
	at org.codehaus.groovy.runtime.callsite.PogoInterceptableSite.call(PogoInterceptableSite.java:46) ~[groovy-4.0.11.jar:4.0.11]
	at org.codehaus.groovy.runtime.callsite.PogoInterceptableSite.callCurrent(PogoInterceptableSite.java:57) ~[groovy-4.0.11.jar:4.0.11]
	at org.codehaus.groovy.runtime.callsite.AbstractCallSite.callCurrent(AbstractCallSite.java:203) ~[groovy-4.0.11.jar:4.0.11]
	at io.restassured.internal.RequestSpecificationImpl.get(RequestSpecificationImpl.groovy:172) ~[rest-assured-5.3.2.jar:?]
	at io.restassured.internal.RequestSpecificationImpl.get(RequestSpecificationImpl.groovy) ~[rest-assured-5.3.2.jar:?]
	at com.example.booking.api.ApiClient.getFreeSlots(ApiClient.java:56) ~[test-classes/:?]
	at com.example.booking.tests.E2E_Booking_Test.getAvailableSlot(E2E_Booking_Test.java:300) ~[test-classes/:?]
	at com.example.booking.tests.E2E_Booking_Test.test_gatewayWithPartialCoupon(E2E_Booking_Test.java:205) ~[test-classes/:?]
	at jdk.internal.reflect.DirectMethodHandleAccessor.invoke(DirectMethodHandleAccessor.java:103) ~[?:?]
	at java.lang.reflect.Method.invoke(Method.java:580) ~[?:?]
	at org.testng.internal.invokers.MethodInvocationHelper.invokeMethod(MethodInvocationHelper.java:139) ~[testng-7.8.0.jar:7.8.0]
	at org.testng.internal.invokers.TestInvoker.invokeMethod(TestInvoker.java:664) ~[testng-7.8.0.jar:7.8.0]
	at org.testng.internal.invokers.TestInvoker.invokeTestMethod(TestInvoker.java:227) ~[testng-7.8.0.jar:7.8.0]
	at org.testng.internal.invokers.MethodRunner.runInSequence(MethodRunner.java:50) ~[testng-7.8.0.jar:7.8.0]
	at org.testng.internal.invokers.TestInvoker$MethodInvocationAgent.invoke(TestInvoker.java:957) ~[testng-7.8.0.jar:7.8.0]
	at org.testng.internal.invokers.TestInvoker.invokeTestMethods(TestInvoker.java:200) ~[testng-7.8.0.jar:7.8.0]
	at org.testng.internal.invokers.TestMethodWorker.invokeTestMethods(TestMethodWorker.java:148) ~[testng-7.8.0.jar:7.8.0]
	at org.testng.internal.invokers.TestMethodWorker.run(TestMethodWorker.java:128) ~[testng-7.8.0.jar:7.8.0]
	at java.util.concurrent.ThreadPoolExecutor.runWorker(ThreadPoolExecutor.java:1144) ~[?:?]
	at java.util.concurrent.ThreadPoolExecutor$Worker.run(ThreadPoolExecutor.java:642) ~[?:?]
	at java.lang.Thread.run(Thread.java:1583) [?:?]
13:06:46.527 [TestNG-test=Coupon Tests - Group B-2] ERROR com.example.booking.api.ApiClient - Error getting free slots: null
java.lang.NullPointerException: null
	at java.lang.Class.isAssignableFrom(Native Method) ~[?:?]
	at java_lang_Class$isAssignableFrom$0.call(Unknown Source) ~[?:?]
	at org.codehaus.groovy.runtime.callsite.CallSiteArray.defaultCall(CallSiteArray.java:45) ~[groovy-4.0.11.jar:4.0.11]
	at java_lang_Class$isAssignableFrom$0.call(Unknown Source) ~[?:?]
	at io.restassured.internal.RequestSpecificationImpl$_applyPathParamsAndSendRequest_closure34.doCall(RequestSpecificationImpl.groovy:1697) ~[rest-assured-5.3.2.jar:?]
	at jdk.internal.reflect.DirectMethodHandleAccessor.invoke(DirectMethodHandleAccessor.java:103) ~[?:?]
	at java.lang.reflect.Method.invoke(Method.java:580) ~[?:?]
	at org.codehaus.groovy.reflection.CachedMethod.invoke(CachedMethod.java:343) ~[groovy-4.0.11.jar:4.0.11]
	at groovy.lang.MetaMethod.doMethodInvoke(MetaMethod.java:328) ~[groovy-4.0.11.jar:4.0.11]
	at org.codehaus.groovy.runtime.metaclass.ClosureMetaClass.invokeMethod(ClosureMetaClass.java:279) ~[groovy-4.0.11.jar:4.0.11]
	at groovy.lang.MetaClassImpl.invokeMethod(MetaClassImpl.java:1006) ~[groovy-4.0.11.jar:4.0.11]
	at org.codehaus.groovy.runtime.callsite.PogoMetaClassSite.call(PogoMetaClassSite.java:39) ~[groovy-4.0.11.jar:4.0.11]
	at org.codehaus.groovy.runtime.callsite.BooleanReturningMethodInvoker.invoke(BooleanReturningMethodInvoker.java:49) ~[groovy-4.0.11.jar:4.0.11]
	at org.codehaus.groovy.runtime.callsite.BooleanClosureWrapper.call(BooleanClosureWrapper.java:52) ~[groovy-4.0.11.jar:4.0.11]
	at org.codehaus.groovy.runtime.DefaultGroovyMethods.any(DefaultGroovyMethods.java:2718) ~[groovy-4.0.11.jar:4.0.11]
	at org.codehaus.groovy.runtime.DefaultGroovyMethods.any(DefaultGroovyMethods.java:2737) ~[groovy-4.0.11.jar:4.0.11]
	at org.codehaus.groovy.runtime.dgm$14.invoke(Unknown Source) ~[groovy-4.0.11.jar:4.0.11]
	at org.codehaus.groovy.runtime.callsite.PojoMetaMethodSite$PojoMetaMethodSiteNoUnwrapNoCoerce.invoke(PojoMetaMethodSite.java:253) ~[groovy-4.0.11.jar:4.0.11]
	at org.codehaus.groovy.runtime.callsite.PojoMetaMethodSite.call(PojoMetaMethodSite.java:57) ~[groovy-4.0.11.jar:4.0.11]
	at org.codehaus.groovy.runtime.callsite.AbstractCallSite.call(AbstractCallSite.java:139) ~[groovy-4.0.11.jar:4.0.11]
	at io.restassured.internal.RequestSpecificationImpl.applyPathParamsAndSendRequest(RequestSpecificationImpl.groovy:1697) ~[rest-assured-5.3.2.jar:?]
	at io.restassured.internal.RequestSpecificationImpl.this$2$applyPathParamsAndSendRequest(RequestSpecificationImpl.groovy) ~[rest-assured-5.3.2.jar:?]
	at jdk.internal.reflect.DirectMethodHandleAccessor.invoke(DirectMethodHandleAccessor.java:103) ~[?:?]
	at java.lang.reflect.Method.invoke(Method.java:580) ~[?:?]
	at org.codehaus.groovy.reflection.CachedMethod.invoke(CachedMethod.java:343) ~[groovy-4.0.11.jar:4.0.11]
	at groovy.lang.MetaMethod.doMethodInvoke(MetaMethod.java:328) ~[groovy-4.0.11.jar:4.0.11]
	at groovy.lang.MetaClassImpl.doInvokeMethod(MetaClassImpl.java:1331) ~[groovy-4.0.11.jar:4.0.11]
	at groovy.lang.MetaClassImpl.invokeMethod(MetaClassImpl.java:1086) ~[groovy-4.0.11.jar:4.0.11]
	at groovy.lang.MetaClassImpl.invokeMethod(MetaClassImpl.java:1006) ~[groovy-4.0.11.jar:4.0.11]
	at groovy.lang.MetaClassImpl.invokeMethod(MetaClassImpl.java:789) ~[groovy-4.0.11.jar:4.0.11]
	at io.restassured.internal.RequestSpecificationImpl.invokeMethod(RequestSpecificationImpl.groovy) ~[rest-assured-5.3.2.jar:?]
	at org.codehaus.groovy.runtime.callsite.PogoInterceptableSite.call(PogoInterceptableSite.java:46) ~[groovy-4.0.11.jar:4.0.11]
	at org.codehaus.groovy.runtime.callsite.PogoInterceptableSite.callCurrent(PogoInterceptableSite.java:57) ~[groovy-4.0.11.jar:4.0.11]
	at org.codehaus.groovy.runtime.callsite.AbstractCallSite.callCurrent(AbstractCallSite.java:203) ~[groovy-4.0.11.jar:4.0.11]
	at io.restassured.internal.RequestSpecificationImpl.applyPathParamsAndSendRequest(RequestSpecificationImpl.groovy:1710) ~[rest-assured-5.3.2.jar:?]
	at io.restassured.internal.RequestSpecificationImpl.this$2$applyPathParamsAndSendRequest(RequestSpecificationImpl.groovy) ~[rest-assured-5.3.2.jar:?]
	at jdk.internal.reflect.DirectMethodHandleAccessor.invoke(DirectMethodHandleAccessor.java:103) ~[?:?]
	at java.lang.reflect.Method.invoke(Method.java:580) ~[?:?]
	at org.codehaus.groovy.reflection.CachedMethod.invoke(CachedMethod.java:343) ~[groovy-4.0.11.jar:4.0.11]
	at groovy.lang.MetaMethod.doMethodInvoke(MetaMethod.java:328) ~[groovy-4.0.11.jar:4.0.11]
	at groovy.lang.MetaClassImpl.doInvokeMethod(MetaClassImpl.java:1331) ~[groovy-4.0.11.jar:4.0.11]
	at groovy.lang.MetaClassImpl.invokeMethod(MetaClassImpl.java:1086) ~[groovy-4.0.11.jar:4.0.11]
	at groovy.lang.MetaClassImpl.invokeMethod(MetaClassImpl.java:1006) ~[groovy-4.0.11.jar:4.0.11]
	at groovy.lang.MetaClassImpl.invokeMethod(MetaClassImpl.java:789) ~[groovy-4.0.11.jar:4.0.11]
	at io.restassured.internal.RequestSpecificationImpl.invokeMethod(RequestSpecificationImpl.groovy) ~[rest-assured-5.3.2.jar:?]
	at org.codehaus.groovy.runtime.callsite.PogoInterceptableSite.call(PogoInterceptableSite.java:46) ~[groovy-4.0.11.jar:4.0.11]
	at org.codehaus.groovy.runtime.callsite.PogoInterceptableSite.callCurrent(PogoInterceptableSite.java:57) ~[groovy-4.0.11.jar:4.0.11]
	at org.codehaus.groovy.runtime.callsite.AbstractCallSite.callCurrent(AbstractCallSite.java:203) ~[groovy-4.0.11.jar:4.0.11]
	at io.restassured.internal.RequestSpecificationImpl.get(RequestSpecificationImpl.groovy:172) ~[rest-assured-5.3.2.jar:?]
	at io.restassured.internal.RequestSpecificationImpl.get(RequestSpecificationImpl.groovy) ~[rest-assured-5.3.2.jar:?]
	at com.example.booking.api.ApiClient.getFreeSlots(ApiClient.java:56) ~[test-classes/:?]
	at com.example.booking.tests.E2E_Booking_Test.getAvailableSlot(E2E_Booking_Test.java:300) ~[test-classes/:?]
	at com.example.booking.tests.E2E_Booking_Test.test_100PercentCoupon(E2E_Booking_Test.java:256) ~[test-classes/:?]
	at jdk.internal.reflect.DirectMethodHandleAccessor.invoke(DirectMethodHandleAccessor.java:103) ~[?:?]
	at java.lang.reflect.Method.invoke(Method.java:580) ~[?:?]
	at org.testng.internal.invokers.MethodInvocationHelper.invokeMethod(MethodInvocationHelper.java:139) ~[testng-7.8.0.jar:7.8.0]
	at org.testng.internal.invokers.TestInvoker.invokeMethod(TestInvoker.java:664) ~[testng-7.8.0.jar:7.8.0]
	at org.testng.internal.invokers.TestInvoker.invokeTestMethod(TestInvoker.java:227) ~[testng-7.8.0.jar:7.8.0]
	at org.testng.internal.invokers.MethodRunner.runInSequence(MethodRunner.java:50) ~[testng-7.8.0.jar:7.8.0]
	at org.testng.internal.invokers.TestInvoker$MethodInvocationAgent.invoke(TestInvoker.java:957) ~[testng-7.8.0.jar:7.8.0]
	at org.testng.internal.invokers.TestInvoker.invokeTestMethods(TestInvoker.java:200) ~[testng-7.8.0.jar:7.8.0]
	at org.testng.internal.invokers.TestMethodWorker.invokeTestMethods(TestMethodWorker.java:148) ~[testng-7.8.0.jar:7.8.0]
	at org.testng.internal.invokers.TestMethodWorker.run(TestMethodWorker.java:128) ~[testng-7.8.0.jar:7.8.0]
	at java.util.concurrent.ThreadPoolExecutor.runWorker(ThreadPoolExecutor.java:1144) ~[?:?]
	at java.util.concurrent.ThreadPoolExecutor$Worker.run(ThreadPoolExecutor.java:642) ~[?:?]
	at java.lang.Thread.run(Thread.java:1583) [?:?]
13:06:46.528 [TestNG-test=Coupon Tests - Group B-1] ERROR com.example.booking.tests.BaseTest - Partial coupon test failed: Failed to get free slots
java.lang.RuntimeException: Failed to get free slots
	at com.example.booking.api.ApiClient.getFreeSlots(ApiClient.java:63) ~[test-classes/:?]
	at com.example.booking.tests.E2E_Booking_Test.getAvailableSlot(E2E_Booking_Test.java:300) ~[test-classes/:?]
	at com.example.booking.tests.E2E_Booking_Test.test_gatewayWithPartialCoupon(E2E_Booking_Test.java:205) ~[test-classes/:?]
	at jdk.internal.reflect.DirectMethodHandleAccessor.invoke(DirectMethodHandleAccessor.java:103) ~[?:?]
	at java.lang.reflect.Method.invoke(Method.java:580) ~[?:?]
	at org.testng.internal.invokers.MethodInvocationHelper.invokeMethod(MethodInvocationHelper.java:139) ~[testng-7.8.0.jar:7.8.0]
	at org.testng.internal.invokers.TestInvoker.invokeMethod(TestInvoker.java:664) ~[testng-7.8.0.jar:7.8.0]
	at org.testng.internal.invokers.TestInvoker.invokeTestMethod(TestInvoker.java:227) ~[testng-7.8.0.jar:7.8.0]
	at org.testng.internal.invokers.MethodRunner.runInSequence(MethodRunner.java:50) ~[testng-7.8.0.jar:7.8.0]
	at org.testng.internal.invokers.TestInvoker$MethodInvocationAgent.invoke(TestInvoker.java:957) ~[testng-7.8.0.jar:7.8.0]
	at org.testng.internal.invokers.TestInvoker.invokeTestMethods(TestInvoker.java:200) ~[testng-7.8.0.jar:7.8.0]
	at org.testng.internal.invokers.TestMethodWorker.invokeTestMethods(TestMethodWorker.java:148) ~[testng-7.8.0.jar:7.8.0]
	at org.testng.internal.invokers.TestMethodWorker.run(TestMethodWorker.java:128) ~[testng-7.8.0.jar:7.8.0]
	at java.util.concurrent.ThreadPoolExecutor.runWorker(ThreadPoolExecutor.java:1144) ~[?:?]
	at java.util.concurrent.ThreadPoolExecutor$Worker.run(ThreadPoolExecutor.java:642) ~[?:?]
	at java.lang.Thread.run(Thread.java:1583) [?:?]
Caused by: java.lang.NullPointerException
	at java.lang.Class.isAssignableFrom(Native Method) ~[?:?]
	at java_lang_Class$isAssignableFrom$0.call(Unknown Source) ~[?:?]
	at org.codehaus.groovy.runtime.callsite.CallSiteArray.defaultCall(CallSiteArray.java:45) ~[groovy-4.0.11.jar:4.0.11]
	at java_lang_Class$isAssignableFrom$0.call(Unknown Source) ~[?:?]
	at io.restassured.internal.RequestSpecificationImpl$_applyPathParamsAndSendRequest_closure34.doCall(RequestSpecificationImpl.groovy:1697) ~[rest-assured-5.3.2.jar:?]
	at jdk.internal.reflect.DirectMethodHandleAccessor.invoke(DirectMethodHandleAccessor.java:103) ~[?:?]
	at java.lang.reflect.Method.invoke(Method.java:580) ~[?:?]
	at org.codehaus.groovy.reflection.CachedMethod.invoke(CachedMethod.java:343) ~[groovy-4.0.11.jar:4.0.11]
	at groovy.lang.MetaMethod.doMethodInvoke(MetaMethod.java:328) ~[groovy-4.0.11.jar:4.0.11]
	at org.codehaus.groovy.runtime.metaclass.ClosureMetaClass.invokeMethod(ClosureMetaClass.java:279) ~[groovy-4.0.11.jar:4.0.11]
	at groovy.lang.MetaClassImpl.invokeMethod(MetaClassImpl.java:1006) ~[groovy-4.0.11.jar:4.0.11]
	at org.codehaus.groovy.runtime.callsite.PogoMetaClassSite.call(PogoMetaClassSite.java:39) ~[groovy-4.0.11.jar:4.0.11]
	at org.codehaus.groovy.runtime.callsite.BooleanReturningMethodInvoker.invoke(BooleanReturningMethodInvoker.java:49) ~[groovy-4.0.11.jar:4.0.11]
	at org.codehaus.groovy.runtime.callsite.BooleanClosureWrapper.call(BooleanClosureWrapper.java:52) ~[groovy-4.0.11.jar:4.0.11]
	at org.codehaus.groovy.runtime.DefaultGroovyMethods.any(DefaultGroovyMethods.java:2718) ~[groovy-4.0.11.jar:4.0.11]
	at org.codehaus.groovy.runtime.DefaultGroovyMethods.any(DefaultGroovyMethods.java:2737) ~[groovy-4.0.11.jar:4.0.11]
	at org.codehaus.groovy.runtime.dgm$14.invoke(Unknown Source) ~[groovy-4.0.11.jar:4.0.11]
	at org.codehaus.groovy.runtime.callsite.PojoMetaMethodSite$PojoMetaMethodSiteNoUnwrapNoCoerce.invoke(PojoMetaMethodSite.java:253) ~[groovy-4.0.11.jar:4.0.11]
	at org.codehaus.groovy.runtime.callsite.PojoMetaMethodSite.call(PojoMetaMethodSite.java:57) ~[groovy-4.0.11.jar:4.0.11]
	at org.codehaus.groovy.runtime.callsite.AbstractCallSite.call(AbstractCallSite.java:139) ~[groovy-4.0.11.jar:4.0.11]
	at io.restassured.internal.RequestSpecificationImpl.applyPathParamsAndSendRequest(RequestSpecificationImpl.groovy:1697) ~[rest-assured-5.3.2.jar:?]
	at io.restassured.internal.RequestSpecificationImpl.this$2$applyPathParamsAndSendRequest(RequestSpecificationImpl.groovy) ~[rest-assured-5.3.2.jar:?]
	at jdk.internal.reflect.DirectMethodHandleAccessor.invoke(DirectMethodHandleAccessor.java:103) ~[?:?]
	at java.lang.reflect.Method.invoke(Method.java:580) ~[?:?]
	at org.codehaus.groovy.reflection.CachedMethod.invoke(CachedMethod.java:343) ~[groovy-4.0.11.jar:4.0.11]
	at groovy.lang.MetaMethod.doMethodInvoke(MetaMethod.java:328) ~[groovy-4.0.11.jar:4.0.11]
	at groovy.lang.MetaClassImpl.doInvokeMethod(MetaClassImpl.java:1331) ~[groovy-4.0.11.jar:4.0.11]
	at groovy.lang.MetaClassImpl.invokeMethod(MetaClassImpl.java:1086) ~[groovy-4.0.11.jar:4.0.11]
	at groovy.lang.MetaClassImpl.invokeMethod(MetaClassImpl.java:1006) ~[groovy-4.0.11.jar:4.0.11]
	at groovy.lang.MetaClassImpl.invokeMethod(MetaClassImpl.java:789) ~[groovy-4.0.11.jar:4.0.11]
	at io.restassured.internal.RequestSpecificationImpl.invokeMethod(RequestSpecificationImpl.groovy) ~[rest-assured-5.3.2.jar:?]
	at org.codehaus.groovy.runtime.callsite.PogoInterceptableSite.call(PogoInterceptableSite.java:46) ~[groovy-4.0.11.jar:4.0.11]
	at org.codehaus.groovy.runtime.callsite.PogoInterceptableSite.callCurrent(PogoInterceptableSite.java:57) ~[groovy-4.0.11.jar:4.0.11]
	at org.codehaus.groovy.runtime.callsite.AbstractCallSite.callCurrent(AbstractCallSite.java:203) ~[groovy-4.0.11.jar:4.0.11]
	at io.restassured.internal.RequestSpecificationImpl.applyPathParamsAndSendRequest(RequestSpecificationImpl.groovy:1710) ~[rest-assured-5.3.2.jar:?]
	at io.restassured.internal.RequestSpecificationImpl.this$2$applyPathParamsAndSendRequest(RequestSpecificationImpl.groovy) ~[rest-assured-5.3.2.jar:?]
	at jdk.internal.reflect.DirectMethodHandleAccessor.invoke(DirectMethodHandleAccessor.java:103) ~[?:?]
	at java.lang.reflect.Method.invoke(Method.java:580) ~[?:?]
	at org.codehaus.groovy.reflection.CachedMethod.invoke(CachedMethod.java:343) ~[groovy-4.0.11.jar:4.0.11]
	at groovy.lang.MetaMethod.doMethodInvoke(MetaMethod.java:328) ~[groovy-4.0.11.jar:4.0.11]
	at groovy.lang.MetaClassImpl.doInvokeMethod(MetaClassImpl.java:1331) ~[groovy-4.0.11.jar:4.0.11]
	at groovy.lang.MetaClassImpl.invokeMethod(MetaClassImpl.java:1086) ~[groovy-4.0.11.jar:4.0.11]
	at groovy.lang.MetaClassImpl.invokeMethod(MetaClassImpl.java:1006) ~[groovy-4.0.11.jar:4.0.11]
	at groovy.lang.MetaClassImpl.invokeMethod(MetaClassImpl.java:789) ~[groovy-4.0.11.jar:4.0.11]
	at io.restassured.internal.RequestSpecificationImpl.invokeMethod(RequestSpecificationImpl.groovy) ~[rest-assured-5.3.2.jar:?]
	at org.codehaus.groovy.runtime.callsite.PogoInterceptableSite.call(PogoInterceptableSite.java:46) ~[groovy-4.0.11.jar:4.0.11]
	at org.codehaus.groovy.runtime.callsite.PogoInterceptableSite.callCurrent(PogoInterceptableSite.java:57) ~[groovy-4.0.11.jar:4.0.11]
	at org.codehaus.groovy.runtime.callsite.AbstractCallSite.callCurrent(AbstractCallSite.java:203) ~[groovy-4.0.11.jar:4.0.11]
	at io.restassured.internal.RequestSpecificationImpl.get(RequestSpecificationImpl.groovy:172) ~[rest-assured-5.3.2.jar:?]
	at io.restassured.internal.RequestSpecificationImpl.get(RequestSpecificationImpl.groovy) ~[rest-assured-5.3.2.jar:?]
	at com.example.booking.api.ApiClient.getFreeSlots(ApiClient.java:56) ~[test-classes/:?]
	... 15 more
13:06:46.529 [TestNG-test=Coupon Tests - Group B-2] ERROR com.example.booking.tests.BaseTest - 100% coupon test failed: Failed to get free slots
java.lang.RuntimeException: Failed to get free slots
	at com.example.booking.api.ApiClient.getFreeSlots(ApiClient.java:63) ~[test-classes/:?]
	at com.example.booking.tests.E2E_Booking_Test.getAvailableSlot(E2E_Booking_Test.java:300) ~[test-classes/:?]
	at com.example.booking.tests.E2E_Booking_Test.test_100PercentCoupon(E2E_Booking_Test.java:256) ~[test-classes/:?]
	at jdk.internal.reflect.DirectMethodHandleAccessor.invoke(DirectMethodHandleAccessor.java:103) ~[?:?]
	at java.lang.reflect.Method.invoke(Method.java:580) ~[?:?]
	at org.testng.internal.invokers.MethodInvocationHelper.invokeMethod(MethodInvocationHelper.java:139) ~[testng-7.8.0.jar:7.8.0]
	at org.testng.internal.invokers.TestInvoker.invokeMethod(TestInvoker.java:664) ~[testng-7.8.0.jar:7.8.0]
	at org.testng.internal.invokers.TestInvoker.invokeTestMethod(TestInvoker.java:227) ~[testng-7.8.0.jar:7.8.0]
	at org.testng.internal.invokers.MethodRunner.runInSequence(MethodRunner.java:50) ~[testng-7.8.0.jar:7.8.0]
	at org.testng.internal.invokers.TestInvoker$MethodInvocationAgent.invoke(TestInvoker.java:957) ~[testng-7.8.0.jar:7.8.0]
	at org.testng.internal.invokers.TestInvoker.invokeTestMethods(TestInvoker.java:200) ~[testng-7.8.0.jar:7.8.0]
	at org.testng.internal.invokers.TestMethodWorker.invokeTestMethods(TestMethodWorker.java:148) ~[testng-7.8.0.jar:7.8.0]
	at org.testng.internal.invokers.TestMethodWorker.run(TestMethodWorker.java:128) ~[testng-7.8.0.jar:7.8.0]
	at java.util.concurrent.ThreadPoolExecutor.runWorker(ThreadPoolExecutor.java:1144) ~[?:?]
	at java.util.concurrent.ThreadPoolExecutor$Worker.run(ThreadPoolExecutor.java:642) ~[?:?]
	at java.lang.Thread.run(Thread.java:1583) [?:?]
Caused by: java.lang.NullPointerException
	at java.lang.Class.isAssignableFrom(Native Method) ~[?:?]
	at java_lang_Class$isAssignableFrom$0.call(Unknown Source) ~[?:?]
	at org.codehaus.groovy.runtime.callsite.CallSiteArray.defaultCall(CallSiteArray.java:45) ~[groovy-4.0.11.jar:4.0.11]
	at java_lang_Class$isAssignableFrom$0.call(Unknown Source) ~[?:?]
	at io.restassured.internal.RequestSpecificationImpl$_applyPathParamsAndSendRequest_closure34.doCall(RequestSpecificationImpl.groovy:1697) ~[rest-assured-5.3.2.jar:?]
	at jdk.internal.reflect.DirectMethodHandleAccessor.invoke(DirectMethodHandleAccessor.java:103) ~[?:?]
	at java.lang.reflect.Method.invoke(Method.java:580) ~[?:?]
	at org.codehaus.groovy.reflection.CachedMethod.invoke(CachedMethod.java:343) ~[groovy-4.0.11.jar:4.0.11]
	at groovy.lang.MetaMethod.doMethodInvoke(MetaMethod.java:328) ~[groovy-4.0.11.jar:4.0.11]
	at org.codehaus.groovy.runtime.metaclass.ClosureMetaClass.invokeMethod(ClosureMetaClass.java:279) ~[groovy-4.0.11.jar:4.0.11]
	at groovy.lang.MetaClassImpl.invokeMethod(MetaClassImpl.java:1006) ~[groovy-4.0.11.jar:4.0.11]
	at org.codehaus.groovy.runtime.callsite.PogoMetaClassSite.call(PogoMetaClassSite.java:39) ~[groovy-4.0.11.jar:4.0.11]
	at org.codehaus.groovy.runtime.callsite.BooleanReturningMethodInvoker.invoke(BooleanReturningMethodInvoker.java:49) ~[groovy-4.0.11.jar:4.0.11]
	at org.codehaus.groovy.runtime.callsite.BooleanClosureWrapper.call(BooleanClosureWrapper.java:52) ~[groovy-4.0.11.jar:4.0.11]
	at org.codehaus.groovy.runtime.DefaultGroovyMethods.any(DefaultGroovyMethods.java:2718) ~[groovy-4.0.11.jar:4.0.11]
	at org.codehaus.groovy.runtime.DefaultGroovyMethods.any(DefaultGroovyMethods.java:2737) ~[groovy-4.0.11.jar:4.0.11]
	at org.codehaus.groovy.runtime.dgm$14.invoke(Unknown Source) ~[groovy-4.0.11.jar:4.0.11]
	at org.codehaus.groovy.runtime.callsite.PojoMetaMethodSite$PojoMetaMethodSiteNoUnwrapNoCoerce.invoke(PojoMetaMethodSite.java:253) ~[groovy-4.0.11.jar:4.0.11]
	at org.codehaus.groovy.runtime.callsite.PojoMetaMethodSite.call(PojoMetaMethodSite.java:57) ~[groovy-4.0.11.jar:4.0.11]
	at org.codehaus.groovy.runtime.callsite.AbstractCallSite.call(AbstractCallSite.java:139) ~[groovy-4.0.11.jar:4.0.11]
	at io.restassured.internal.RequestSpecificationImpl.applyPathParamsAndSendRequest(RequestSpecificationImpl.groovy:1697) ~[rest-assured-5.3.2.jar:?]
	at io.restassured.internal.RequestSpecificationImpl.this$2$applyPathParamsAndSendRequest(RequestSpecificationImpl.groovy) ~[rest-assured-5.3.2.jar:?]
	at jdk.internal.reflect.DirectMethodHandleAccessor.invoke(DirectMethodHandleAccessor.java:103) ~[?:?]
	at java.lang.reflect.Method.invoke(Method.java:580) ~[?:?]
	at org.codehaus.groovy.reflection.CachedMethod.invoke(CachedMethod.java:343) ~[groovy-4.0.11.jar:4.0.11]
	at groovy.lang.MetaMethod.doMethodInvoke(MetaMethod.java:328) ~[groovy-4.0.11.jar:4.0.11]
	at groovy.lang.MetaClassImpl.doInvokeMethod(MetaClassImpl.java:1331) ~[groovy-4.0.11.jar:4.0.11]
	at groovy.lang.MetaClassImpl.invokeMethod(MetaClassImpl.java:1086) ~[groovy-4.0.11.jar:4.0.11]
	at groovy.lang.MetaClassImpl.invokeMethod(MetaClassImpl.java:1006) ~[groovy-4.0.11.jar:4.0.11]
	at groovy.lang.MetaClassImpl.invokeMethod(MetaClassImpl.java:789) ~[groovy-4.0.11.jar:4.0.11]
	at io.restassured.internal.RequestSpecificationImpl.invokeMethod(RequestSpecificationImpl.groovy) ~[rest-assured-5.3.2.jar:?]
	at org.codehaus.groovy.runtime.callsite.PogoInterceptableSite.call(PogoInterceptableSite.java:46) ~[groovy-4.0.11.jar:4.0.11]
	at org.codehaus.groovy.runtime.callsite.PogoInterceptableSite.callCurrent(PogoInterceptableSite.java:57) ~[groovy-4.0.11.jar:4.0.11]
	at org.codehaus.groovy.runtime.callsite.AbstractCallSite.callCurrent(AbstractCallSite.java:203) ~[groovy-4.0.11.jar:4.0.11]
	at io.restassured.internal.RequestSpecificationImpl.applyPathParamsAndSendRequest(RequestSpecificationImpl.groovy:1710) ~[rest-assured-5.3.2.jar:?]
	at io.restassured.internal.RequestSpecificationImpl.this$2$applyPathParamsAndSendRequest(RequestSpecificationImpl.groovy) ~[rest-assured-5.3.2.jar:?]
	at jdk.internal.reflect.DirectMethodHandleAccessor.invoke(DirectMethodHandleAccessor.java:103) ~[?:?]
	at java.lang.reflect.Method.invoke(Method.java:580) ~[?:?]
	at org.codehaus.groovy.reflection.CachedMethod.invoke(CachedMethod.java:343) ~[groovy-4.0.11.jar:4.0.11]
	at groovy.lang.MetaMethod.doMethodInvoke(MetaMethod.java:328) ~[groovy-4.0.11.jar:4.0.11]
	at groovy.lang.MetaClassImpl.doInvokeMethod(MetaClassImpl.java:1331) ~[groovy-4.0.11.jar:4.0.11]
	at groovy.lang.MetaClassImpl.invokeMethod(MetaClassImpl.java:1086) ~[groovy-4.0.11.jar:4.0.11]
	at groovy.lang.MetaClassImpl.invokeMethod(MetaClassImpl.java:1006) ~[groovy-4.0.11.jar:4.0.11]
	at groovy.lang.MetaClassImpl.invokeMethod(MetaClassImpl.java:789) ~[groovy-4.0.11.jar:4.0.11]
	at io.restassured.internal.RequestSpecificationImpl.invokeMethod(RequestSpecificationImpl.groovy) ~[rest-assured-5.3.2.jar:?]
	at org.codehaus.groovy.runtime.callsite.PogoInterceptableSite.call(PogoInterceptableSite.java:46) ~[groovy-4.0.11.jar:4.0.11]
	at org.codehaus.groovy.runtime.callsite.PogoInterceptableSite.callCurrent(PogoInterceptableSite.java:57) ~[groovy-4.0.11.jar:4.0.11]
	at org.codehaus.groovy.runtime.callsite.AbstractCallSite.callCurrent(AbstractCallSite.java:203) ~[groovy-4.0.11.jar:4.0.11]
	at io.restassured.internal.RequestSpecificationImpl.get(RequestSpecificationImpl.groovy:172) ~[rest-assured-5.3.2.jar:?]
	at io.restassured.internal.RequestSpecificationImpl.get(RequestSpecificationImpl.groovy) ~[rest-assured-5.3.2.jar:?]
	at com.example.booking.api.ApiClient.getFreeSlots(ApiClient.java:56) ~[test-classes/:?]
	... 15 more
]]></system-out>
  </testcase>
  <testcase name="test_100PercentCoupon" classname="com.example.booking.tests.E2E_Booking_Test" time="0.018">
    <failure message="Test failed: Failed to get free slots" type="java.lang.AssertionError"><![CDATA[java.lang.AssertionError: Test failed: Failed to get free slots
	at org.testng.Assert.fail(Assert.java:111)
	at com.example.booking.tests.E2E_Booking_Test.test_100PercentCoupon(E2E_Booking_Test.java:289)
	at java.base/jdk.internal.reflect.DirectMethodHandleAccessor.invoke(DirectMethodHandleAccessor.java:103)
	at java.base/java.lang.reflect.Method.invoke(Method.java:580)
	at org.testng.internal.invokers.MethodInvocationHelper.invokeMethod(MethodInvocationHelper.java:139)
	at org.testng.internal.invokers.TestInvoker.invokeMethod(TestInvoker.java:664)
	at org.testng.internal.invokers.TestInvoker.invokeTestMethod(TestInvoker.java:227)
	at org.testng.internal.invokers.MethodRunner.runInSequence(MethodRunner.java:50)
	at org.testng.internal.invokers.TestInvoker$MethodInvocationAgent.invoke(TestInvoker.java:957)
	at org.testng.internal.invokers.TestInvoker.invokeTestMethods(TestInvoker.java:200)
	at org.testng.internal.invokers.TestMethodWorker.invokeTestMethods(TestMethodWorker.java:148)
	at org.testng.internal.invokers.TestMethodWorker.run(TestMethodWorker.java:128)
	at java.base/java.util.concurrent.ThreadPoolExecutor.runWorker(ThreadPoolExecutor.java:1144)
	at java.base/java.util.concurrent.ThreadPoolExecutor$Worker.run(ThreadPoolExecutor.java:642)
	at java.base/java.lang.Thread.run(Thread.java:1583)
]]></failure>
  </testcase>
</testsuite>