<?xml version="1.0" encoding="UTF-8"?>
<testng-results ignored="0" total="5" passed="5" failed="0" skipped="0">
  <reporter-output>
  </reporter-output>
  <suite started-at="2025-07-15T12:54:31 GMT" name="BookingAutomationSuite" finished-at="2025-07-15T12:54:31 GMT" duration-ms="31">
    <groups>
    </groups>
    <test started-at="2025-07-15T12:54:31 GMT" name="E2E Booking Tests" finished-at="2025-07-15T12:54:31 GMT" duration-ms="31">
      <class name="com.example.booking.tests.E2E_Booking_Test">
        <test-method is-config="true" signature="beforeSuite()[pri:0, instance:com.example.booking.tests.E2E_Booking_Test@495b0487]" started-at="2025-07-15T12:54:31 GMT" name="beforeSuite" finished-at="2025-07-15T12:54:31 GMT" duration-ms="7" status="PASS">
          <reporter-output>
          </reporter-output>
        </test-method> <!-- beforeSuite -->
        <test-method is-config="true" signature="beforeTest()[pri:0, instance:com.example.booking.tests.E2E_Booking_Test@495b0487]" started-at="2025-07-15T12:54:31 GMT" name="beforeTest" finished-at="2025-07-15T12:54:31 GMT" duration-ms="0" status="PASS">
          <reporter-output>
          </reporter-output>
        </test-method> <!-- beforeTest -->
        <test-method is-config="true" signature="beforeMethod()[pri:0, instance:com.example.booking.tests.E2E_Booking_Test@495b0487]" started-at="2025-07-15T12:54:31 GMT" name="beforeMethod" finished-at="2025-07-15T12:54:31 GMT" duration-ms="0" status="PASS">
          <reporter-output>
          </reporter-output>
        </test-method> <!-- beforeMethod -->
        <test-method is-config="true" signature="beforeMethod()[pri:0, instance:com.example.booking.tests.E2E_Booking_Test@495b0487]" started-at="2025-07-15T12:54:31 GMT" name="beforeMethod" finished-at="2025-07-15T12:54:31 GMT" duration-ms="0" status="PASS">
          <reporter-output>
          </reporter-output>
        </test-method> <!-- beforeMethod -->
        <test-method is-config="true" signature="beforeMethod()[pri:0, instance:com.example.booking.tests.E2E_Booking_Test@495b0487]" started-at="2025-07-15T12:54:31 GMT" name="beforeMethod" finished-at="2025-07-15T12:54:31 GMT" duration-ms="1" status="PASS">
          <reporter-output>
          </reporter-output>
        </test-method> <!-- beforeMethod -->
        <test-method signature="testCompleteBookingWithFawry()[pri:0, instance:com.example.booking.tests.E2E_Booking_Test@495b0487]" started-at="2025-07-15T12:54:31 GMT" name="testCompleteBookingWithFawry" description="Complete booking flow with Fawry payment" finished-at="2025-07-15T12:54:31 GMT" duration-ms="2" status="PASS">
          <reporter-output>
          </reporter-output>
        </test-method> <!-- testCompleteBookingWithFawry -->
        <test-method signature="testBookingModification()[pri:0, instance:com.example.booking.tests.E2E_Booking_Test@495b0487]" started-at="2025-07-15T12:54:31 GMT" name="testBookingModification" description="Booking modification flow" finished-at="2025-07-15T12:54:31 GMT" duration-ms="2" status="PASS">
          <reporter-output>
          </reporter-output>
        </test-method> <!-- testBookingModification -->
        <test-method signature="testBookingCancellation()[pri:0, instance:com.example.booking.tests.E2E_Booking_Test@495b0487]" started-at="2025-07-15T12:54:31 GMT" name="testBookingCancellation" description="Booking cancellation flow" finished-at="2025-07-15T12:54:31 GMT" duration-ms="2" status="PASS">
          <reporter-output>
          </reporter-output>
        </test-method> <!-- testBookingCancellation -->
        <test-method is-config="true" signature="afterMethod()[pri:0, instance:com.example.booking.tests.E2E_Booking_Test@495b0487]" started-at="2025-07-15T12:54:31 GMT" name="afterMethod" finished-at="2025-07-15T12:54:31 GMT" duration-ms="0" status="PASS">
          <reporter-output>
          </reporter-output>
        </test-method> <!-- afterMethod -->
        <test-method is-config="true" signature="afterMethod()[pri:0, instance:com.example.booking.tests.E2E_Booking_Test@495b0487]" started-at="2025-07-15T12:54:31 GMT" name="afterMethod" finished-at="2025-07-15T12:54:31 GMT" duration-ms="1" status="PASS">
          <reporter-output>
          </reporter-output>
        </test-method> <!-- afterMethod -->
        <test-method is-config="true" signature="beforeMethod()[pri:0, instance:com.example.booking.tests.E2E_Booking_Test@495b0487]" started-at="2025-07-15T12:54:31 GMT" name="beforeMethod" finished-at="2025-07-15T12:54:31 GMT" duration-ms="1" status="PASS">
          <reporter-output>
          </reporter-output>
        </test-method> <!-- beforeMethod -->
        <test-method is-config="true" signature="beforeMethod()[pri:0, instance:com.example.booking.tests.E2E_Booking_Test@495b0487]" started-at="2025-07-15T12:54:31 GMT" name="beforeMethod" finished-at="2025-07-15T12:54:31 GMT" duration-ms="1" status="PASS">
          <reporter-output>
          </reporter-output>
        </test-method> <!-- beforeMethod -->
        <test-method is-config="true" signature="afterMethod()[pri:0, instance:com.example.booking.tests.E2E_Booking_Test@495b0487]" started-at="2025-07-15T12:54:31 GMT" name="afterMethod" finished-at="2025-07-15T12:54:31 GMT" duration-ms="0" status="PASS">
          <reporter-output>
          </reporter-output>
        </test-method> <!-- afterMethod -->
        <test-method signature="testCompleteBookingWithPaymob()[pri:0, instance:com.example.booking.tests.E2E_Booking_Test@495b0487]" started-at="2025-07-15T12:54:31 GMT" name="testCompleteBookingWithPaymob" description="Complete booking flow with Paymob payment" finished-at="2025-07-15T12:54:31 GMT" duration-ms="0" status="PASS">
          <reporter-output>
          </reporter-output>
        </test-method> <!-- testCompleteBookingWithPaymob -->
        <test-method signature="testCompleteBookingWithStripe()[pri:0, instance:com.example.booking.tests.E2E_Booking_Test@495b0487]" started-at="2025-07-15T12:54:31 GMT" name="testCompleteBookingWithStripe" description="Complete booking flow with Stripe payment" finished-at="2025-07-15T12:54:31 GMT" duration-ms="0" status="PASS">
          <reporter-output>
          </reporter-output>
        </test-method> <!-- testCompleteBookingWithStripe -->
        <test-method is-config="true" signature="afterMethod()[pri:0, instance:com.example.booking.tests.E2E_Booking_Test@495b0487]" started-at="2025-07-15T12:54:31 GMT" name="afterMethod" finished-at="2025-07-15T12:54:31 GMT" duration-ms="0" status="PASS">
          <reporter-output>
          </reporter-output>
        </test-method> <!-- afterMethod -->
        <test-method is-config="true" signature="afterMethod()[pri:0, instance:com.example.booking.tests.E2E_Booking_Test@495b0487]" started-at="2025-07-15T12:54:31 GMT" name="afterMethod" finished-at="2025-07-15T12:54:31 GMT" duration-ms="0" status="PASS">
          <reporter-output>
          </reporter-output>
        </test-method> <!-- afterMethod -->
        <test-method is-config="true" signature="afterTest()[pri:0, instance:com.example.booking.tests.E2E_Booking_Test@495b0487]" started-at="2025-07-15T12:54:31 GMT" name="afterTest" finished-at="2025-07-15T12:54:31 GMT" duration-ms="0" status="PASS">
          <reporter-output>
          </reporter-output>
        </test-method> <!-- afterTest -->
        <test-method is-config="true" signature="afterSuite()[pri:0, instance:com.example.booking.tests.E2E_Booking_Test@495b0487]" started-at="2025-07-15T12:54:31 GMT" name="afterSuite" finished-at="2025-07-15T12:54:31 GMT" duration-ms="0" status="PASS">
          <reporter-output>
          </reporter-output>
        </test-method> <!-- afterSuite -->
      </class> <!-- com.example.booking.tests.E2E_Booking_Test -->
    </test> <!-- E2E Booking Tests -->
  </suite> <!-- BookingAutomationSuite -->
</testng-results>
